0 info it worked if it ends with ok
1 verbose cli [ '/usr/local/bin/node',
1 verbose cli   '/usr/local/bin/npm',
1 verbose cli   'install',
1 verbose cli   '-g',
1 verbose cli   'eslint' ]
2 info using npm@1.1.65
3 info using node@v0.8.14
4 verbose read json /usr/local/lib/package.json
5 verbose read json /usr/local/lib/package.json
6 verbose cache add [ 'eslint', null ]
7 silly cache add name=undefined spec="eslint" args=["eslint",null]
8 verbose parsed url { pathname: 'eslint', path: 'eslint', href: 'eslint' }
9 silly lockFile e0b0b266-eslint eslint
10 verbose lock eslint /home/rahthap/.npm/e0b0b266-eslint.lock
11 silly lockFile e0b0b266-eslint eslint
12 verbose addNamed [ 'eslint', '' ]
13 verbose addNamed [ null, '' ]
14 silly lockFile 62e46387-eslint eslint@
15 verbose lock eslint@ /home/rahthap/.npm/62e46387-eslint.lock
16 silly addNameRange { name: 'eslint', range: '', hasData: false }
17 verbose url raw eslint
18 verbose url resolving [ 'https://registry.npmjs.org/', './eslint' ]
19 verbose url resolved https://registry.npmjs.org/eslint
20 info trying registry request attempt 1 at 23:17:59
21 verbose etag "598444b6-76389"
22 http GET https://registry.npmjs.org/eslint
23 http 304 https://registry.npmjs.org/eslint
24 silly registry.get cb [ 304,
24 silly registry.get   { date: 'Fri, 04 Aug 2017 17:48:04 GMT',
24 silly registry.get     via: '1.1 varnish',
24 silly registry.get     'cache-control': 'max-age=300',
24 silly registry.get     etag: '"598444b6-76389"',
24 silly registry.get     age: '30',
24 silly registry.get     connection: 'keep-alive',
24 silly registry.get     'x-served-by': 'cache-sin18031-SIN',
24 silly registry.get     'x-cache': 'HIT',
24 silly registry.get     'x-cache-hits': '1',
24 silly registry.get     'x-timer': 'S1501868884.346711,VS0,VE1',
24 silly registry.get     vary: 'Accept-Encoding, Accept' } ]
25 verbose etag eslint from cache
26 silly addNameRange number 2 { name: 'eslint', range: '', hasData: true }
27 silly addNameRange versions [ 'eslint',
27 silly addNameRange   [ '0.0.4',
27 silly addNameRange     '0.0.5',
27 silly addNameRange     '0.0.6',
27 silly addNameRange     '0.0.7',
27 silly addNameRange     '0.1.0-dev',
27 silly addNameRange     '0.1.0',
27 silly addNameRange     '0.1.1',
27 silly addNameRange     '0.1.2',
27 silly addNameRange     '0.1.3',
27 silly addNameRange     '0.1.4',
27 silly addNameRange     '0.2.0',
27 silly addNameRange     '0.3.0',
27 silly addNameRange     '0.4.0',
27 silly addNameRange     '0.4.1',
27 silly addNameRange     '0.4.2',
27 silly addNameRange     '0.4.3',
27 silly addNameRange     '0.4.4',
27 silly addNameRange     '0.4.5',
27 silly addNameRange     '0.5.0',
27 silly addNameRange     '0.5.1',
27 silly addNameRange     '0.6.0',
27 silly addNameRange     '0.6.1',
27 silly addNameRange     '0.6.2',
27 silly addNameRange     '0.7.1',
27 silly addNameRange     '0.7.2',
27 silly addNameRange     '0.7.3',
27 silly addNameRange     '0.7.4',
27 silly addNameRange     '0.8.0',
27 silly addNameRange     '0.8.1',
27 silly addNameRange     '0.8.2',
27 silly addNameRange     '0.9.0',
27 silly addNameRange     '0.9.1',
27 silly addNameRange     '0.9.2',
27 silly addNameRange     '0.10.0-alpha',
27 silly addNameRange     '0.10.0-alpha.1',
27 silly addNameRange     '0.10.0-alpha.2',
27 silly addNameRange     '0.10.0',
27 silly addNameRange     '0.11.0-alpha.0',
27 silly addNameRange     '0.10.1',
27 silly addNameRange     '0.10.2',
27 silly addNameRange     '0.11.0',
27 silly addNameRange     '0.12.0',
27 silly addNameRange     '0.13.0',
27 silly addNameRange     '0.14.0',
27 silly addNameRange     '0.14.1',
27 silly addNameRange     '0.15.0',
27 silly addNameRange     '0.15.1',
27 silly addNameRange     '0.16.0',
27 silly addNameRange     '0.16.1',
27 silly addNameRange     '0.16.2',
27 silly addNameRange     '0.17.0',
27 silly addNameRange     '0.17.1',
27 silly addNameRange     '0.18.0',
27 silly addNameRange     '0.19.0',
27 silly addNameRange     '0.20.0',
27 silly addNameRange     '0.21.0',
27 silly addNameRange     '0.21.1',
27 silly addNameRange     '0.21.2',
27 silly addNameRange     '0.22.0',
27 silly addNameRange     '0.22.1',
27 silly addNameRange     '0.23.0',
27 silly addNameRange     '0.24.0',
27 silly addNameRange     '0.24.1',
27 silly addNameRange     '1.0.0-rc-1',
27 silly addNameRange     '1.0.0-rc-2',
27 silly addNameRange     '1.0.0-rc-3',
27 silly addNameRange     '1.0.0',
27 silly addNameRange     '1.1.0',
27 silly addNameRange     '1.2.0',
27 silly addNameRange     '1.2.1',
27 silly addNameRange     '1.3.0',
27 silly addNameRange     '1.3.1',
27 silly addNameRange     '1.4.0',
27 silly addNameRange     '1.4.1',
27 silly addNameRange     '1.4.2',
27 silly addNameRange     '1.4.3',
27 silly addNameRange     '1.5.0',
27 silly addNameRange     '1.5.1',
27 silly addNameRange     '1.6.0',
27 silly addNameRange     '1.7.0',
27 silly addNameRange     '1.7.1',
27 silly addNameRange     '1.7.2',
27 silly addNameRange     '1.7.3',
27 silly addNameRange     '1.8.0',
27 silly addNameRange     '1.9.0',
27 silly addNameRange     '1.10.0',
27 silly addNameRange     '1.10.1',
27 silly addNameRange     '1.10.2',
27 silly addNameRange     '1.10.3',
27 silly addNameRange     '2.0.0-alpha-1',
27 silly addNameRange     '2.0.0-alpha-2',
27 silly addNameRange     '2.0.0-beta.1',
27 silly addNameRange     '2.0.0-beta.2',
27 silly addNameRange     '2.0.0-beta.3',
27 silly addNameRange     '2.0.0-rc.0',
27 silly addNameRange     '2.0.0-rc.1',
27 silly addNameRange     '2.0.0',
27 silly addNameRange     '2.1.0',
27 silly addNameRange     '2.2.0',
27 silly addNameRange     '2.3.0',
27 silly addNameRange     '2.4.0',
27 silly addNameRange     '2.5.0',
27 silly addNameRange     '2.5.1',
27 silly addNameRange     '2.5.2',
27 silly addNameRange     '2.5.3',
27 silly addNameRange     '2.6.0',
27 silly addNameRange     '2.7.0',
27 silly addNameRange     '2.8.0',
27 silly addNameRange     '2.9.0',
27 silly addNameRange     '2.10.0',
27 silly addNameRange     '2.10.1',
27 silly addNameRange     '2.10.2',
27 silly addNameRange     '2.11.0',
27 silly addNameRange     '2.11.1',
27 silly addNameRange     '2.12.0',
27 silly addNameRange     '2.13.0',
27 silly addNameRange     '2.13.1',
27 silly addNameRange     '3.0.0',
27 silly addNameRange     '3.0.1',
27 silly addNameRange     '3.1.0',
27 silly addNameRange     '3.1.1',
27 silly addNameRange     '3.2.0',
27 silly addNameRange     '3.2.1',
27 silly addNameRange     '3.2.2',
27 silly addNameRange     '3.3.0',
27 silly addNameRange     '3.3.1',
27 silly addNameRange     '3.4.0',
27 silly addNameRange     '3.5.0',
27 silly addNameRange     '3.6.0',
27 silly addNameRange     '3.6.1',
27 silly addNameRange     '3.7.0',
27 silly addNameRange     '3.7.1',
27 silly addNameRange     '3.8.0',
27 silly addNameRange     '3.8.1',
27 silly addNameRange     '3.9.0',
27 silly addNameRange     '3.9.1',
27 silly addNameRange     '3.10.0',
27 silly addNameRange     '3.10.1',
27 silly addNameRange     '3.10.2',
27 silly addNameRange     '3.11.0',
27 silly addNameRange     '3.11.1',
27 silly addNameRange     '3.12.0',
27 silly addNameRange     '3.12.1',
27 silly addNameRange     '3.12.2',
27 silly addNameRange     '3.13.0',
27 silly addNameRange     '3.13.1',
27 silly addNameRange     '3.14.0',
27 silly addNameRange     '3.14.1',
27 silly addNameRange     '3.15.0',
27 silly addNameRange     '3.16.0',
27 silly addNameRange     '3.16.1',
27 silly addNameRange     '3.17.0',
27 silly addNameRange     '3.17.1',
27 silly addNameRange     '3.18.0',
27 silly addNameRange     '3.19.0',
27 silly addNameRange     '4.0.0-alpha.0',
27 silly addNameRange     '4.0.0-alpha.1',
27 silly addNameRange     '4.0.0-alpha.2',
27 silly addNameRange     '4.0.0-beta.0',
27 silly addNameRange     '4.0.0-rc.0',
27 silly addNameRange     '4.0.0',
27 silly addNameRange     '4.1.0',
27 silly addNameRange     '4.1.1',
27 silly addNameRange     '4.2.0',
27 silly addNameRange     '4.3.0' ] ]
28 verbose addNamed [ 'eslint', '4.3.0' ]
29 verbose addNamed [ '4.3.0', '4.3.0' ]
30 silly lockFile fdf7562b-eslint-4-3-0 eslint@4.3.0
31 verbose lock eslint@4.3.0 /home/rahthap/.npm/fdf7562b-eslint-4-3-0.lock
32 verbose read json /home/rahthap/.npm/eslint/4.3.0/package/package.json
33 silly lockFile fdf7562b-eslint-4-3-0 eslint@4.3.0
34 silly lockFile 62e46387-eslint eslint@
35 silly resolved [ { name: 'eslint',
35 silly resolved     version: '4.3.0',
35 silly resolved     author:
35 silly resolved      { name: 'Nicholas C. Zakas',
35 silly resolved        email: 'nicholas+npm@nczconsulting.com' },
35 silly resolved     description: 'An AST-based pattern checker for JavaScript.',
35 silly resolved     bin: { eslint: './bin/eslint.js' },
35 silly resolved     main: './lib/api.js',
35 silly resolved     scripts:
35 silly resolved      { test: 'node Makefile.js test',
35 silly resolved        lint: 'node Makefile.js lint',
35 silly resolved        fuzz: 'node Makefile.js fuzz',
35 silly resolved        release: 'node Makefile.js release',
35 silly resolved        'ci-release': 'node Makefile.js ciRelease',
35 silly resolved        alpharelease: 'node Makefile.js prerelease -- alpha',
35 silly resolved        betarelease: 'node Makefile.js prerelease -- beta',
35 silly resolved        docs: 'node Makefile.js docs',
35 silly resolved        gensite: 'node Makefile.js gensite',
35 silly resolved        browserify: 'node Makefile.js browserify',
35 silly resolved        perf: 'node Makefile.js perf',
35 silly resolved        profile: 'beefy tests/bench/bench.js --open -- -t brfs -t ./tests/bench/xform-rules.js -r espree',
35 silly resolved        coveralls: 'cat ./coverage/lcov.info | coveralls',
35 silly resolved        'check-commit': 'node Makefile.js checkGitCommit' },
35 silly resolved     files: [ 'LICENSE', 'README.md', 'bin', 'conf', 'lib', 'messages' ],
35 silly resolved     repository: { type: 'git', url: 'eslint/eslint' },
35 silly resolved     homepage: 'http://eslint.org',
35 silly resolved     bugs: 'https://github.com/eslint/eslint/issues/',
35 silly resolved     dependencies:
35 silly resolved      { ajv: '^5.2.0',
35 silly resolved        'babel-code-frame': '^6.22.0',
35 silly resolved        chalk: '^1.1.3',
35 silly resolved        'concat-stream': '^1.6.0',
35 silly resolved        'cross-spawn': '^5.1.0',
35 silly resolved        debug: '^2.6.8',
35 silly resolved        doctrine: '^2.0.0',
35 silly resolved        'eslint-scope': '^3.7.1',
35 silly resolved        espree: '^3.4.3',
35 silly resolved        esquery: '^1.0.0',
35 silly resolved        estraverse: '^4.2.0',
35 silly resolved        esutils: '^2.0.2',
35 silly resolved        'file-entry-cache': '^2.0.0',
35 silly resolved        'functional-red-black-tree': '^1.0.1',
35 silly resolved        glob: '^7.1.2',
35 silly resolved        globals: '^9.17.0',
35 silly resolved        ignore: '^3.3.3',
35 silly resolved        imurmurhash: '^0.1.4',
35 silly resolved        inquirer: '^3.0.6',
35 silly resolved        'is-resolvable': '^1.0.0',
35 silly resolved        'js-yaml': '^3.8.4',
35 silly resolved        'json-stable-stringify': '^1.0.1',
35 silly resolved        levn: '^0.3.0',
35 silly resolved        lodash: '^4.17.4',
35 silly resolved        minimatch: '^3.0.2',
35 silly resolved        mkdirp: '^0.5.1',
35 silly resolved        'natural-compare': '^1.4.0',
35 silly resolved        optionator: '^0.8.2',
35 silly resolved        'path-is-inside': '^1.0.2',
35 silly resolved        pluralize: '^4.0.0',
35 silly resolved        progress: '^2.0.0',
35 silly resolved        'require-uncached': '^1.0.3',
35 silly resolved        semver: '^5.3.0',
35 silly resolved        'strip-json-comments': '~2.0.1',
35 silly resolved        table: '^4.0.1',
35 silly resolved        'text-table': '~0.2.0' },
35 silly resolved     devDependencies:
35 silly resolved      { 'babel-polyfill': '^6.23.0',
35 silly resolved        'babel-preset-es2015': '^6.24.1',
35 silly resolved        babelify: '^7.3.0',
35 silly resolved        beefy: '^2.1.8',
35 silly resolved        brfs: '1.4.3',
35 silly resolved        browserify: '^14.4.0',
35 silly resolved        chai: '^4.0.1',
35 silly resolved        cheerio: '^0.22.0',
35 silly resolved        coveralls: '^2.13.1',
35 silly resolved        dateformat: '^2.0.0',
35 silly resolved        ejs: '^2.5.6',
35 silly resolved        'eslint-plugin-eslint-plugin': '^0.7.4',
35 silly resolved        'eslint-plugin-node': '^5.1.0',
35 silly resolved        'eslint-release': '^0.10.1',
35 silly resolved        eslump: '1.6.0',
35 silly resolved        esprima: '^3.1.3',
35 silly resolved        'esprima-fb': '^15001.1001.0-dev-harmony-fb',
35 silly resolved        istanbul: '^0.4.5',
35 silly resolved        jsdoc: '^3.4.3',
35 silly resolved        karma: '^1.7.0',
35 silly resolved        'karma-babel-preprocessor': '^6.0.1',
35 silly resolved        'karma-mocha': '^1.3.0',
35 silly resolved        'karma-mocha-reporter': '^2.2.3',
35 silly resolved        'karma-phantomjs-launcher': '^1.0.4',
35 silly resolved        leche: '^2.1.2',
35 silly resolved        'load-perf': '^0.2.0',
35 silly resolved        markdownlint: '^0.5.0',
35 silly resolved        mocha: '^3.4.2',
35 silly resolved        'mock-fs': '^4.3.0',
35 silly resolved        'npm-license': '^0.3.3',
35 silly resolved        'phantomjs-prebuilt': '^2.1.14',
35 silly resolved        proxyquire: '^1.8.0',
35 silly resolved        shelljs: '^0.7.7',
35 silly resolved        'shelljs-nodecli': '~0.1.1',
35 silly resolved        sinon: '^2.3.2',
35 silly resolved        temp: '^0.8.3',
35 silly resolved        through: '^2.3.8' },
35 silly resolved     keywords: [ 'ast', 'lint', 'javascript', 'ecmascript', 'espree' ],
35 silly resolved     license: 'MIT',
35 silly resolved     engines: { node: '>=4' },
35 silly resolved     readme: '[![NPM version][npm-image]][npm-url]\n[![build status][travis-image]][travis-url]\n[![Build status][appveyor-image]][appveyor-url]\n[![Test coverage][coveralls-image]][coveralls-url]\n[![Downloads][downloads-image]][downloads-url]\n[![Bountysource](https://www.bountysource.com/badge/tracker?tracker_id=282608)](https://www.bountysource.com/trackers/282608-eslint?utm_source=282608&utm_medium=shield&utm_campaign=TRACKER_BADGE)\n[![Join the chat at https://gitter.im/eslint/eslint](https://badges.gitter.im/Join%20Chat.svg)](https://gitter.im/eslint/eslint?utm_source=badge&utm_medium=badge&utm_campaign=pr-badge&utm_content=badge)\n[![FOSSA Status](https://app.fossa.io/api/projects/git%2Bhttps%3A%2F%2Fgithub.com%2Feslint%2Feslint.svg?type=shield)](https://app.fossa.io/projects/git%2Bhttps%3A%2F%2Fgithub.com%2Feslint%2Feslint?ref=badge_shield)\n\n# ESLint\n\n[Website](http://eslint.org) |\n[Configuring](http://eslint.org/docs/user-guide/configuring) |\n[Rules](http://eslint.org/docs/rules/) |\n[Contributing](http://eslint.org/docs/developer-guide/contributing) |\n[Reporting Bugs](http://eslint.org/docs/developer-guide/contributing/reporting-bugs) |\n[Code of Conduct](https://js.foundation/community/code-of-conduct) |\n[Twitter](https://twitter.com/geteslint) |\n[Mailing List](https://groups.google.com/group/eslint) |\n[Chat Room](https://gitter.im/eslint/eslint)\n\nESLint is a tool for identifying and reporting on patterns found in ECMAScript/JavaScript code. In many ways, it is similar to JSLint and JSHint with a few exceptions:\n\n* ESLint uses [Espree](https://github.com/eslint/espree) for JavaScript parsing.\n* ESLint uses an AST to evaluate patterns in code.\n* ESLint is completely pluggable, every single rule is a plugin and you can add more at runtime.\n\n## Installation and Usage\n\nThere are two ways to install ESLint: globally and locally.\n\n### Local Installation and Usage\n\nIf you want to include ESLint as part of your project\'s build system, we recommend installing it locally. You can do so using npm:\n\n```\n$ npm install eslint --save-dev\n```\n\nYou should then setup a configuration file:\n\n```\n$ ./node_modules/.bin/eslint --init\n```\n\nAfter that, you can run ESLint on any file or directory like this:\n\n```\n$ ./node_modules/.bin/eslint yourfile.js\n```\n\nAny plugins or shareable configs that you use must also be installed locally to work with a locally-installed ESLint.\n\n### Global Installation and Usage\n\nIf you want to make ESLint available to tools that run across all of your projects, we recommend installing ESLint globally. You can do so using npm:\n\n```\n$ npm install -g eslint\n```\n\nYou should then setup a configuration file:\n\n```\n$ eslint --init\n```\n\nAfter that, you can run ESLint on any file or directory like this:\n\n```\n$ eslint yourfile.js\n```\n\nAny plugins or shareable configs that you use must also be installed globally to work with a globally-installed ESLint.\n\n**Note:** `eslint --init` is intended for setting up and configuring ESLint on a per-project basis and will perform a local installation of ESLint and its plugins in the directory in which it is run. If you prefer using a global installation of ESLint, any plugins used in your configuration must also be installed globally.\n\n## Configuration\n\nAfter running `eslint --init`, you\'ll have a `.eslintrc` file in your directory. In it, you\'ll see some rules configured like this:\n\n```json\n{\n    "rules": {\n        "semi": ["error", "always"],\n        "quotes": ["error", "double"]\n    }\n}\n```\n\nThe names `"semi"` and `"quotes"` are the names of [rules](http://eslint.org/docs/rules) in ESLint. The first value is the error level of the rule and can be one of these values:\n\n* `"off"` or `0` - turn the rule off\n* `"warn"` or `1` - turn the rule on as a warning (doesn\'t affect exit code)\n* `"error"` or `2` - turn the rule on as an error (exit code will be 1)\n\nThe three error levels allow you fine-grained control over how ESLint applies rules (for more configuration options and details, see the [configuration docs](http://eslint.org/docs/user-guide/configuring)).\n\n## Sponsors\n\n* Site search ([eslint.org](http://eslint.org)) is sponsored by [Algolia](https://www.algolia.com)\n\n## Team\n\nThese folks keep the project moving and are resources for help.\n\n### Technical Steering Committee (TSC)\n\n* Nicholas C. Zakas ([@nzakas](https://github.com/nzakas))\n* Ilya Volodin ([@ilyavolodin](https://github.com/ilyavolodin))\n* Brandon Mills ([@btmills](https://github.com/btmills))\n* Gyandeep Singh ([@gyandeeps](https://github.com/gyandeeps))\n* Toru Nagashima ([@mysticatea](https://github.com/mysticatea))\n* Alberto Rodríguez ([@alberto](https://github.com/alberto))\n* Kai Cataldo ([@kaicataldo](https://github.com/kaicataldo))\n* Teddy Katz ([@not-an-aardvark](https://github.com/not-an-aardvark))\n\n### Development Team\n\n* Mathias Schreck ([@lo1tuma](https://github.com/lo1tuma))\n* Jamund Ferguson ([@xjamundx](https://github.com/xjamundx))\n* Ian VanSchooten ([@ianvs](https://github.com/ianvs))\n* Burak Yiğit Kaya ([@byk](https://github.com/byk))\n* Michael Ficarra ([@michaelficarra](https://github.com/michaelficarra))\n* Mark Pedrotti ([@pedrottimark](https://github.com/pedrottimark))\n* Oleg Gaidarenko ([@markelog](https://github.com/markelog))\n* Mike Sherov ([@mikesherov](https://github.com/mikesherov))\n* Henry Zhu ([@hzoo](https://github.com/hzoo))\n* Marat Dulin ([@mdevils](https://github.com/mdevils))\n* Alexej Yaroshevich ([@zxqfox](https://github.com/zxqfox))\n* Kevin Partington ([@platinumazure](https://github.com/platinumazure))\n* Vitor Balocco ([@vitorbal](https://github.com/vitorbal))\n* James Henry ([@JamesHenry](https://github.com/JamesHenry))\n* Reyad Attiyat ([@soda0289](https://github.com/soda0289))\n\n## Releases\n\nWe have scheduled releases every two weeks on Friday or Saturday.\n\n## Code of Conduct\n\nESLint adheres to the [JS Foundation Code of Conduct](https://js.foundation/community/code-of-conduct).\n\n## Filing Issues\n\nBefore filing an issue, please be sure to read the guidelines for what you\'re reporting:\n\n* [Bug Report](http://eslint.org/docs/developer-guide/contributing/reporting-bugs)\n* [Propose a New Rule](http://eslint.org/docs/developer-guide/contributing/new-rules)\n* [Proposing a Rule Change](http://eslint.org/docs/developer-guide/contributing/rule-changes)\n* [Request a Change](http://eslint.org/docs/developer-guide/contributing/changes)\n\n## Semantic Versioning Policy\n\nESLint follows [semantic versioning](http://semver.org). However, due to the nature of ESLint as a code quality tool, it\'s not always clear when a minor or major version bump occurs. To help clarify this for everyone, we\'ve defined the following semantic versioning policy for ESLint:\n\n* Patch release (intended to not break your lint build)\n    * A bug fix in a rule that results in ESLint reporting fewer errors.\n    * A bug fix to the CLI or core (including formatters).\n    * Improvements to documentation.\n    * Non-user-facing changes such as refactoring code, adding, deleting, or modifying tests, and increasing test coverage.\n    * Re-releasing after a failed release (i.e., publishing a release that doesn\'t work for anyone).\n* Minor release (might break your lint build)\n    * A bug fix in a rule that results in ESLint reporting more errors.\n    * A new rule is created.\n    * A new option to an existing rule that does not result in ESLint reporting more errors by default.\n    * An existing rule is deprecated.\n    * A new CLI capability is created.\n    * New capabilities to the public API are added (new classes, new methods, new arguments to existing methods, etc.).\n    * A new formatter is created.\n* Major release (likely to break your lint build)\n    * `eslint:recommended` is updated.\n    * A new option to an existing rule that results in ESLint reporting more errors by default.\n    * An existing rule is removed.\n    * An existing formatter is removed.\n    * Part of the public API is removed or changed in an incompatible way.\n\nAccording to our policy, any minor update may report more errors than the previous release (ex: from a bug fix). As such, we recommend using the tilde (`~`) in `package.json` e.g. `"eslint": "~3.1.0"` to guarantee the results of your builds.\n\n## License\n\n[![FOSSA Status](https://app.fossa.io/api/projects/git%2Bhttps%3A%2F%2Fgithub.com%2Feslint%2Feslint.svg?type=large)](https://app.fossa.io/projects/git%2Bhttps%3A%2F%2Fgithub.com%2Feslint%2Feslint?ref=badge_large)\n\n## Frequently Asked Questions\n\n### How is ESLint different from JSHint?\n\nThe most significant difference is that ESlint has pluggable linting rules. That means you can use the rules it comes with, or you can extend it with rules created by others or by yourself!\n\n### How does ESLint performance compare to JSHint?\n\nESLint is slower than JSHint, usually 2-3x slower on a single file. This is because ESLint uses Espree to construct an AST before it can evaluate your code whereas JSHint evaluates your code as it\'s being parsed. The speed is also based on the number of rules you enable; the more rules you enable, the slower the process.\n\nDespite being slower, we believe that ESLint is fast enough to replace JSHint without causing significant pain.\n\n### I heard ESLint is going to replace JSCS?\n\nYes. Since we are solving the same problems, ESLint and JSCS teams have decided to join forces and work together in the development of ESLint instead of competing with each other. You can read more about this in both [ESLint](http://eslint.org/blog/2016/04/welcoming-jscs-to-eslint) and [JSCS](https://medium.com/@markelog/jscs-end-of-the-line-bc9bf0b3fdb2#.u76sx334n) announcements.\n\n### So, should I stop using JSCS and start using ESLint?\n\nMaybe, depending on how much you need it. [JSCS has reached end of life](http://eslint.org/blog/2016/07/jscs-end-of-life), but if it is working for you then there is no reason to move yet. We are still working to smooth the transition. You can see our progress [here](https://github.com/eslint/eslint/milestones/JSCS%20Compatibility). We’ll announce when all of the changes necessary to support JSCS users in ESLint are complete and will start encouraging JSCS users to switch to ESLint at that time.\n\nIf you are having issues with JSCS, you can try to move to ESLint. We are focusing our time and energy on JSCS compatibility issues.\n\n\n### Is ESLint just linting or does it also check style?\n\nESLint does both traditional linting (looking for problematic patterns) and style checking (enforcement of conventions). You can use it for both.\n\n### Does ESLint support JSX?\n\nYes, ESLint natively supports parsing JSX syntax (this must be enabled in [configuration](http://eslint.org/docs/user-guide/configuring).). Please note that supporting JSX syntax *is not* the same as supporting React. React applies specific semantics to JSX syntax that ESLint doesn\'t recognize. We recommend using [eslint-plugin-react](https://www.npmjs.com/package/eslint-plugin-react) if you are using React and want React semantics.\n\n### What about ECMAScript 6 support?\n\nESLint has full support for ECMAScript 6. By default, this support is off. You can enable ECMAScript 6 syntax and global variables through [configuration](http://eslint.org/docs/user-guide/configuring).\n\n### What about experimental features?\n\nESLint doesn\'t natively support experimental ECMAScript language features. You can use [babel-eslint](https://github.com/babel/babel-eslint) to use any option available in Babel.\n\nOnce a language feature has been adopted into the ECMAScript standard (stage 4 according to the [TC39 process](https://tc39.github.io/process-document/)), we will accept issues and pull requests related to the new feature, subject to our [contributing guidelines](http://eslint.org/docs/developer-guide/contributing). Until then, please use the appropriate parser and plugin(s) for your experimental feature.\n\n### Where to ask for help?\n\nJoin our [Mailing List](https://groups.google.com/group/eslint) or [Chatroom](https://gitter.im/eslint/eslint)\n\n\n[npm-image]: https://img.shields.io/npm/v/eslint.svg?style=flat-square\n[npm-url]: https://www.npmjs.com/package/eslint\n[travis-image]: https://img.shields.io/travis/eslint/eslint/master.svg?style=flat-square\n[travis-url]: https://travis-ci.org/eslint/eslint\n[appveyor-image]: https://ci.appveyor.com/api/projects/status/iwxmiobcvbw3b0av/branch/master?svg=true\n[appveyor-url]: https://ci.appveyor.com/project/nzakas/eslint/branch/master\n[coveralls-image]: https://img.shields.io/coveralls/eslint/eslint/master.svg?style=flat-square\n[coveralls-url]: https://coveralls.io/r/eslint/eslint?branch=master\n[downloads-image]: https://img.shields.io/npm/dm/eslint.svg?style=flat-square\n[downloads-url]: https://www.npmjs.com/package/eslint\n',
35 silly resolved     readmeFilename: 'README.md',
35 silly resolved     _id: 'eslint@4.3.0',
35 silly resolved     _from: 'eslint' } ]
36 info install eslint@4.3.0 into /usr/local/lib
37 info installOne eslint@4.3.0
38 warn engine eslint@4.3.0: wanted: {"node":">=4"} (current: {"node":"v0.8.14","npm":"1.1.65"})
39 verbose from cache /home/rahthap/.npm/eslint/4.3.0/package/package.json
40 info /usr/local/lib/node_modules/eslint unbuild
41 verbose read json /usr/local/lib/node_modules/eslint/package.json
42 verbose tar unpack /home/rahthap/.npm/eslint/4.3.0/package.tgz
43 silly lockFile 73063478-sr-local-lib-node-modules-eslint /usr/local/lib/node_modules/eslint
44 verbose lock /usr/local/lib/node_modules/eslint /home/rahthap/.npm/73063478-sr-local-lib-node-modules-eslint.lock
45 silly gunzTarPerm modes [ '755', '644' ]
46 silly gunzTarPerm extractEntry package.json
47 silly gunzTarPerm extractEntry README.md
48 silly gunzTarPerm extractEntry LICENSE
49 silly gunzTarPerm extractEntry bin/eslint.js
50 silly gunzTarPerm extractEntry conf/default-cli-options.js
51 silly gunzTarPerm extractEntry conf/eslint-all.js
52 silly gunzTarPerm extractEntry conf/eslint-recommended.js
53 silly gunzTarPerm extractEntry conf/default-config-options.js
54 silly gunzTarPerm extractEntry conf/environments.js
55 silly gunzTarPerm extractEntry conf/config-schema.js
56 silly gunzTarPerm extractEntry conf/replacements.json
57 silly gunzTarPerm extractEntry conf/category-list.json
58 silly gunzTarPerm extractEntry conf/blank-script.json
59 silly gunzTarPerm extractEntry messages/extend-config-missing.txt
60 silly gunzTarPerm extractEntry messages/no-config-found.txt
61 silly gunzTarPerm extractEntry messages/plugin-missing.txt
62 silly gunzTarPerm extractEntry messages/whitespace-found.txt
63 silly gunzTarPerm extractEntry lib/cli-engine.js
64 silly gunzTarPerm extractEntry lib/logging.js
65 silly gunzTarPerm extractEntry lib/file-finder.js
66 silly gunzTarPerm extractEntry lib/rule-context.js
67 silly gunzTarPerm extractEntry lib/ast-utils.js
68 silly gunzTarPerm extractEntry lib/config.js
69 silly gunzTarPerm extractEntry lib/rules.js
70 silly gunzTarPerm extractEntry lib/linter.js
71 silly gunzTarPerm extractEntry lib/api.js
72 silly gunzTarPerm extractEntry lib/options.js
73 silly gunzTarPerm extractEntry lib/cli.js
74 silly gunzTarPerm extractEntry lib/ignored-paths.js
75 silly gunzTarPerm extractEntry lib/load-rules.js
76 silly gunzTarPerm extractEntry lib/timing.js
77 silly gunzTarPerm extractEntry lib/token-store/forward-token-comment-cursor.js
78 silly gunzTarPerm extractEntry lib/token-store/backward-token-comment-cursor.js
79 silly gunzTarPerm extractEntry lib/token-store/decorative-cursor.js
80 silly gunzTarPerm extractEntry lib/token-store/padded-token-cursor.js
81 silly gunzTarPerm extractEntry lib/token-store/cursor.js
82 silly gunzTarPerm extractEntry lib/token-store/filter-cursor.js
83 silly gunzTarPerm extractEntry lib/token-store/index.js
84 silly gunzTarPerm extractEntry lib/token-store/utils.js
85 silly gunzTarPerm extractEntry lib/token-store/limit-cursor.js
86 silly gunzTarPerm extractEntry lib/token-store/skip-cursor.js
87 silly gunzTarPerm extractEntry lib/token-store/backward-token-cursor.js
88 silly gunzTarPerm extractEntry lib/token-store/forward-token-cursor.js
89 silly gunzTarPerm extractEntry lib/token-store/cursors.js
90 silly gunzTarPerm extractEntry lib/testers/rule-tester.js
91 silly gunzTarPerm extractEntry lib/testers/event-generator-tester.js
92 silly gunzTarPerm extractEntry lib/formatters/unix.js
93 silly gunzTarPerm extractEntry lib/formatters/visualstudio.js
94 silly gunzTarPerm extractEntry lib/formatters/html.js
95 silly gunzTarPerm extractEntry lib/formatters/checkstyle.js
96 silly gunzTarPerm extractEntry lib/formatters/junit.js
97 silly gunzTarPerm extractEntry lib/formatters/compact.js
98 silly gunzTarPerm extractEntry lib/formatters/table.js
99 silly gunzTarPerm extractEntry lib/formatters/jslint-xml.js
100 silly gunzTarPerm extractEntry lib/formatters/json.js
101 silly gunzTarPerm extractEntry lib/formatters/tap.js
102 silly gunzTarPerm extractEntry lib/formatters/codeframe.js
103 silly gunzTarPerm extractEntry lib/formatters/stylish.js
104 silly gunzTarPerm extractEntry lib/formatters/html-template-page.html
105 silly gunzTarPerm extractEntry lib/formatters/html-template-message.html
106 silly gunzTarPerm extractEntry lib/formatters/html-template-result.html
107 silly gunzTarPerm extractEntry lib/code-path-analysis/code-path-analyzer.js
108 silly gunzTarPerm extractEntry lib/code-path-analysis/code-path-segment.js
109 silly gunzTarPerm extractEntry lib/code-path-analysis/code-path.js
110 silly gunzTarPerm extractEntry lib/code-path-analysis/id-generator.js
111 silly gunzTarPerm extractEntry lib/code-path-analysis/debug-helpers.js
112 silly gunzTarPerm extractEntry lib/code-path-analysis/fork-context.js
113 silly gunzTarPerm extractEntry lib/code-path-analysis/code-path-state.js
114 silly gunzTarPerm extractEntry lib/util/keywords.js
115 silly gunzTarPerm extractEntry lib/util/path-util.js
116 silly gunzTarPerm extractEntry lib/util/traverser.js
117 silly gunzTarPerm extractEntry lib/util/source-code-fixer.js
118 silly gunzTarPerm extractEntry lib/util/module-resolver.js
119 silly gunzTarPerm extractEntry lib/util/xml-escape.js
120 silly gunzTarPerm extractEntry lib/util/fix-tracker.js
121 silly gunzTarPerm extractEntry lib/util/hash.js
122 silly gunzTarPerm extractEntry lib/util/ajv.js
123 silly gunzTarPerm extractEntry lib/util/node-event-generator.js
124 silly gunzTarPerm extractEntry lib/util/glob-util.js
125 silly gunzTarPerm extractEntry lib/util/glob.js
126 silly gunzTarPerm extractEntry lib/util/rule-fixer.js
127 silly gunzTarPerm extractEntry lib/util/source-code.js
128 silly gunzTarPerm extractEntry lib/util/npm-util.js
129 silly gunzTarPerm extractEntry lib/util/source-code-util.js
130 silly gunzTarPerm extractEntry lib/util/patterns/letters.js
131 silly gunzTarPerm extractEntry lib/config/config-initializer.js
132 silly gunzTarPerm extractEntry lib/config/config-rule.js
133 silly gunzTarPerm extractEntry lib/config/config-cache.js
134 silly gunzTarPerm extractEntry lib/config/environments.js
135 silly gunzTarPerm extractEntry lib/config/config-validator.js
136 silly gunzTarPerm extractEntry lib/config/config-file.js
137 silly gunzTarPerm extractEntry lib/config/autoconfig.js
138 silly gunzTarPerm extractEntry lib/config/config-ops.js
139 silly gunzTarPerm extractEntry lib/config/plugins.js
140 silly gunzTarPerm extractEntry lib/internal-rules/internal-consistent-docs-description.js
141 silly gunzTarPerm extractEntry lib/internal-rules/internal-no-invalid-meta.js
142 silly gunzTarPerm extractEntry lib/internal-rules/.eslintrc.yml
143 silly gunzTarPerm extractEntry lib/rules/no-empty.js
144 silly gunzTarPerm extractEntry lib/rules/no-global-assign.js
145 silly gunzTarPerm extractEntry lib/rules/guard-for-in.js
146 silly gunzTarPerm extractEntry lib/rules/no-extra-parens.js
147 silly gunzTarPerm extractEntry lib/rules/no-var.js
148 silly gunzTarPerm extractEntry lib/rules/no-unsafe-negation.js
149 silly gunzTarPerm extractEntry lib/rules/no-useless-call.js
150 silly gunzTarPerm extractEntry lib/rules/no-unneeded-ternary.js
151 silly gunzTarPerm extractEntry lib/rules/no-new-wrappers.js
152 silly gunzTarPerm extractEntry lib/rules/no-await-in-loop.js
153 silly gunzTarPerm extractEntry lib/rules/no-control-regex.js
154 silly gunzTarPerm extractEntry lib/rules/no-new-symbol.js
155 silly gunzTarPerm extractEntry lib/rules/no-template-curly-in-string.js
156 silly gunzTarPerm extractEntry lib/rules/no-empty-function.js
157 silly gunzTarPerm extractEntry lib/rules/no-restricted-properties.js
158 silly gunzTarPerm extractEntry lib/rules/no-nested-ternary.js
159 silly gunzTarPerm extractEntry lib/rules/prefer-const.js
160 silly gunzTarPerm extractEntry lib/rules/require-jsdoc.js
161 silly gunzTarPerm extractEntry lib/rules/no-duplicate-imports.js
162 silly gunzTarPerm extractEntry lib/rules/no-script-url.js
163 silly gunzTarPerm extractEntry lib/rules/semi.js
164 silly gunzTarPerm extractEntry lib/rules/no-delete-var.js
165 silly gunzTarPerm extractEntry lib/rules/init-declarations.js
166 silly gunzTarPerm extractEntry lib/rules/yield-star-spacing.js
167 silly gunzTarPerm extractEntry lib/rules/no-regex-spaces.js
168 silly gunzTarPerm extractEntry lib/rules/no-console.js
169 silly gunzTarPerm extractEntry lib/rules/no-fallthrough.js
170 silly gunzTarPerm extractEntry lib/rules/no-octal-escape.js
171 silly gunzTarPerm extractEntry lib/rules/valid-typeof.js
172 silly gunzTarPerm extractEntry lib/rules/array-callback-return.js
173 silly gunzTarPerm extractEntry lib/rules/unicode-bom.js
174 silly gunzTarPerm extractEntry lib/rules/no-inline-comments.js
175 silly gunzTarPerm extractEntry lib/rules/func-call-spacing.js
176 silly gunzTarPerm extractEntry lib/rules/no-useless-escape.js
177 silly gunzTarPerm extractEntry lib/rules/no-dupe-keys.js
178 silly gunzTarPerm extractEntry lib/rules/no-extra-label.js
179 silly gunzTarPerm extractEntry lib/rules/use-isnan.js
180 silly gunzTarPerm extractEntry lib/rules/no-negated-in-lhs.js
181 silly gunzTarPerm extractEntry lib/rules/no-label-var.js
182 silly gunzTarPerm extractEntry lib/rules/no-class-assign.js
183 silly gunzTarPerm extractEntry lib/rules/for-direction.js
184 silly gunzTarPerm extractEntry lib/rules/no-case-declarations.js
185 silly gunzTarPerm extractEntry lib/rules/newline-after-var.js
186 silly gunzTarPerm extractEntry lib/rules/no-invalid-regexp.js
187 silly gunzTarPerm extractEntry lib/rules/padded-blocks.js
188 silly gunzTarPerm extractEntry lib/rules/func-name-matching.js
189 silly gunzTarPerm extractEntry lib/rules/no-this-before-super.js
190 silly gunzTarPerm extractEntry lib/rules/strict.js
191 silly gunzTarPerm extractEntry lib/rules/no-debugger.js
192 silly gunzTarPerm extractEntry lib/rules/no-new-object.js
193 silly gunzTarPerm extractEntry lib/rules/comma-spacing.js
194 silly gunzTarPerm extractEntry lib/rules/no-implicit-coercion.js
195 silly gunzTarPerm extractEntry lib/rules/no-obj-calls.js
196 silly gunzTarPerm extractEntry lib/rules/no-undef-init.js
197 silly gunzTarPerm extractEntry lib/rules/no-unused-vars.js
198 silly gunzTarPerm extractEntry lib/rules/no-return-assign.js
199 silly gunzTarPerm extractEntry lib/rules/no-restricted-modules.js
200 silly gunzTarPerm extractEntry lib/rules/no-duplicate-case.js
201 silly gunzTarPerm extractEntry lib/rules/func-style.js
202 silly gunzTarPerm extractEntry lib/rules/no-process-env.js
203 silly gunzTarPerm extractEntry lib/rules/one-var.js
204 silly gunzTarPerm extractEntry lib/rules/no-new-func.js
205 silly gunzTarPerm extractEntry lib/rules/max-lines.js
206 silly gunzTarPerm extractEntry lib/rules/quotes.js
207 silly gunzTarPerm extractEntry lib/rules/no-div-regex.js
208 silly gunzTarPerm extractEntry lib/rules/no-empty-character-class.js
209 silly gunzTarPerm extractEntry lib/rules/no-const-assign.js
210 silly gunzTarPerm extractEntry lib/rules/spaced-comment.js
211 silly gunzTarPerm extractEntry lib/rules/no-dupe-class-members.js
212 silly gunzTarPerm extractEntry lib/rules/no-bitwise.js
213 silly gunzTarPerm extractEntry lib/rules/no-constant-condition.js
214 silly gunzTarPerm extractEntry lib/rules/no-trailing-spaces.js
215 silly gunzTarPerm extractEntry lib/rules/object-curly-spacing.js
216 silly gunzTarPerm extractEntry lib/rules/no-extra-boolean-cast.js
217 silly gunzTarPerm extractEntry lib/rules/no-implicit-globals.js
218 silly gunzTarPerm extractEntry lib/rules/comma-style.js
219 silly gunzTarPerm extractEntry lib/rules/no-caller.js
220 silly gunzTarPerm extractEntry lib/rules/space-unary-ops.js
221 silly gunzTarPerm extractEntry lib/rules/template-curly-spacing.js
222 silly gunzTarPerm extractEntry lib/rules/no-sequences.js
223 silly gunzTarPerm extractEntry lib/rules/constructor-super.js
224 silly gunzTarPerm extractEntry lib/rules/require-yield.js
225 silly gunzTarPerm extractEntry lib/rules/no-prototype-builtins.js
226 silly gunzTarPerm extractEntry lib/rules/no-useless-concat.js
227 silly gunzTarPerm extractEntry lib/rules/dot-notation.js
228 silly gunzTarPerm extractEntry lib/rules/nonblock-statement-body-position.js
229 silly gunzTarPerm extractEntry lib/rules/no-octal.js
230 silly gunzTarPerm extractEntry lib/rules/no-self-assign.js
231 silly gunzTarPerm extractEntry lib/rules/no-use-before-define.js
232 silly gunzTarPerm extractEntry lib/rules/max-statements.js
233 silly gunzTarPerm extractEntry lib/rules/max-nested-callbacks.js
234 silly gunzTarPerm extractEntry lib/rules/id-length.js
235 silly gunzTarPerm extractEntry lib/rules/object-property-newline.js
236 silly gunzTarPerm extractEntry lib/rules/require-await.js
237 silly gunzTarPerm extractEntry lib/rules/no-shadow-restricted-names.js
238 silly gunzTarPerm extractEntry lib/rules/no-void.js
239 silly gunzTarPerm extractEntry lib/rules/arrow-parens.js
240 silly gunzTarPerm extractEntry lib/rules/no-warning-comments.js
241 silly gunzTarPerm extractEntry lib/rules/prefer-numeric-literals.js
242 silly gunzTarPerm extractEntry lib/rules/eol-last.js
243 silly gunzTarPerm extractEntry lib/rules/radix.js
244 silly gunzTarPerm extractEntry lib/rules/class-methods-use-this.js
245 silly gunzTarPerm extractEntry lib/rules/new-parens.js
246 silly gunzTarPerm extractEntry lib/rules/no-extra-bind.js
247 silly gunzTarPerm extractEntry lib/rules/default-case.js
248 silly gunzTarPerm extractEntry lib/rules/object-curly-newline.js
249 silly gunzTarPerm extractEntry lib/rules/global-require.js
250 silly gunzTarPerm extractEntry lib/rules/complexity.js
251 silly gunzTarPerm extractEntry lib/rules/no-plusplus.js
252 silly gunzTarPerm extractEntry lib/rules/jsx-quotes.js
253 silly gunzTarPerm extractEntry lib/rules/no-mixed-requires.js
254 silly gunzTarPerm extractEntry lib/rules/prefer-rest-params.js
255 silly gunzTarPerm extractEntry lib/rules/prefer-destructuring.js
256 silly gunzTarPerm extractEntry lib/rules/no-useless-computed-key.js
257 silly gunzTarPerm extractEntry lib/rules/operator-linebreak.js
258 silly gunzTarPerm extractEntry lib/rules/no-extra-semi.js
259 silly gunzTarPerm extractEntry lib/rules/no-proto.js
260 silly gunzTarPerm extractEntry lib/rules/switch-colon-spacing.js
261 silly gunzTarPerm extractEntry lib/rules/no-new-require.js
262 silly gunzTarPerm extractEntry lib/rules/no-buffer-constructor.js
263 silly gunzTarPerm extractEntry lib/rules/one-var-declaration-per-line.js
264 silly gunzTarPerm extractEntry lib/rules/no-negated-condition.js
265 silly gunzTarPerm extractEntry lib/rules/no-implied-eval.js
266 silly gunzTarPerm extractEntry lib/rules/func-names.js
267 silly gunzTarPerm extractEntry lib/rules/no-multiple-empty-lines.js
268 silly gunzTarPerm extractEntry lib/rules/prefer-template.js
269 silly gunzTarPerm extractEntry lib/rules/no-shadow.js
270 silly gunzTarPerm extractEntry lib/rules/no-lone-blocks.js
271 silly gunzTarPerm extractEntry lib/rules/no-labels.js
272 silly gunzTarPerm extractEntry lib/rules/no-floating-decimal.js
273 silly gunzTarPerm extractEntry lib/rules/no-native-reassign.js
274 silly gunzTarPerm extractEntry lib/rules/block-scoped-var.js
275 silly gunzTarPerm extractEntry lib/rules/symbol-description.js
276 silly gunzTarPerm extractEntry lib/rules/no-unmodified-loop-condition.js
277 silly gunzTarPerm extractEntry lib/rules/max-statements-per-line.js
278 silly gunzTarPerm extractEntry lib/rules/eqeqeq.js
279 silly gunzTarPerm extractEntry lib/rules/no-unused-expressions.js
280 silly gunzTarPerm extractEntry lib/rules/no-eq-null.js
281 silly gunzTarPerm extractEntry lib/rules/no-restricted-syntax.js
282 silly gunzTarPerm extractEntry lib/rules/consistent-this.js
283 silly gunzTarPerm extractEntry lib/rules/generator-star-spacing.js
284 silly gunzTarPerm extractEntry lib/rules/accessor-pairs.js
285 silly gunzTarPerm extractEntry lib/rules/sort-vars.js
286 silly gunzTarPerm extractEntry lib/rules/no-undefined.js
287 silly gunzTarPerm extractEntry lib/rules/no-ex-assign.js
288 silly gunzTarPerm extractEntry lib/rules/no-self-compare.js
289 silly gunzTarPerm extractEntry lib/rules/handle-callback-err.js
290 silly gunzTarPerm extractEntry lib/rules/semi-spacing.js
291 silly gunzTarPerm extractEntry lib/rules/no-throw-literal.js
292 silly gunzTarPerm extractEntry lib/rules/no-mixed-spaces-and-tabs.js
293 silly gunzTarPerm extractEntry lib/rules/no-spaced-func.js
294 silly gunzTarPerm extractEntry lib/rules/lines-around-directive.js
295 silly gunzTarPerm extractEntry lib/rules/space-before-function-paren.js
296 silly gunzTarPerm extractEntry lib/rules/multiline-ternary.js
297 silly gunzTarPerm extractEntry lib/rules/id-blacklist.js
298 silly gunzTarPerm extractEntry lib/rules/wrap-regex.js
299 silly gunzTarPerm extractEntry lib/rules/capitalized-comments.js
300 silly gunzTarPerm extractEntry lib/rules/no-mixed-operators.js
301 silly gunzTarPerm extractEntry lib/rules/no-continue.js
302 silly gunzTarPerm extractEntry lib/rules/no-func-assign.js
303 silly gunzTarPerm extractEntry lib/rules/no-param-reassign.js
304 silly gunzTarPerm extractEntry lib/rules/getter-return.js
305 silly gunzTarPerm extractEntry lib/rules/arrow-spacing.js
306 silly gunzTarPerm extractEntry lib/rules/newline-before-return.js
307 silly gunzTarPerm extractEntry lib/rules/no-alert.js
308 silly gunzTarPerm extractEntry lib/rules/key-spacing.js
309 silly gunzTarPerm extractEntry lib/rules/id-match.js
310 silly gunzTarPerm extractEntry lib/rules/padding-line-between-statements.js
311 silly gunzTarPerm extractEntry lib/rules/template-tag-spacing.js
312 silly gunzTarPerm extractEntry lib/rules/callback-return.js
313 silly gunzTarPerm extractEntry lib/rules/array-bracket-spacing.js
314 silly gunzTarPerm extractEntry lib/rules/no-underscore-dangle.js
315 silly gunzTarPerm extractEntry lib/rules/space-in-parens.js
316 silly gunzTarPerm extractEntry lib/rules/no-process-exit.js
317 silly gunzTarPerm extractEntry lib/rules/no-unused-labels.js
318 silly gunzTarPerm extractEntry lib/rules/yoda.js
319 silly gunzTarPerm extractEntry lib/rules/no-array-constructor.js
320 silly gunzTarPerm extractEntry lib/rules/no-catch-shadow.js
321 silly gunzTarPerm extractEntry lib/rules/object-shorthand.js
322 silly gunzTarPerm extractEntry lib/rules/wrap-iife.js
323 silly gunzTarPerm extractEntry lib/rules/prefer-spread.js
324 silly gunzTarPerm extractEntry lib/rules/new-cap.js
325 silly gunzTarPerm extractEntry lib/rules/no-unreachable.js
326 silly gunzTarPerm extractEntry lib/rules/prefer-arrow-callback.js
327 silly gunzTarPerm extractEntry lib/rules/no-ternary.js
328 silly gunzTarPerm extractEntry lib/rules/sort-imports.js
329 silly gunzTarPerm extractEntry lib/rules/no-empty-pattern.js
330 silly gunzTarPerm extractEntry lib/rules/no-unexpected-multiline.js
331 silly gunzTarPerm extractEntry lib/rules/max-params.js
332 silly gunzTarPerm extractEntry lib/rules/no-else-return.js
333 silly gunzTarPerm extractEntry lib/rules/brace-style.js
334 silly gunzTarPerm extractEntry lib/rules/no-with.js
335 silly gunzTarPerm extractEntry lib/rules/no-lonely-if.js
336 silly gunzTarPerm extractEntry lib/rules/no-loop-func.js
337 silly gunzTarPerm extractEntry lib/rules/no-restricted-globals.js
338 silly gunzTarPerm extractEntry lib/rules/array-element-newline.js
339 silly gunzTarPerm extractEntry lib/rules/no-iterator.js
340 silly gunzTarPerm extractEntry lib/rules/no-extend-native.js
341 silly gunzTarPerm extractEntry lib/rules/indent-legacy.js
342 silly gunzTarPerm extractEntry lib/rules/computed-property-spacing.js
343 silly gunzTarPerm extractEntry lib/rules/lines-around-comment.js
344 silly gunzTarPerm extractEntry lib/rules/linebreak-style.js
345 silly gunzTarPerm extractEntry lib/rules/space-infix-ops.js
346 silly gunzTarPerm extractEntry lib/rules/no-sparse-arrays.js
347 silly gunzTarPerm extractEntry lib/rules/semi-style.js
348 silly gunzTarPerm extractEntry lib/rules/vars-on-top.js
349 silly gunzTarPerm extractEntry lib/rules/no-eval.js
350 silly gunzTarPerm extractEntry lib/rules/prefer-reflect.js
351 silly gunzTarPerm extractEntry lib/rules/no-return-await.js
352 silly gunzTarPerm extractEntry lib/rules/no-dupe-args.js
353 silly gunzTarPerm extractEntry lib/rules/no-inner-declarations.js
354 silly gunzTarPerm extractEntry lib/rules/no-cond-assign.js
355 silly gunzTarPerm extractEntry lib/rules/no-multi-spaces.js
356 silly gunzTarPerm extractEntry lib/rules/rest-spread-spacing.js
357 silly gunzTarPerm extractEntry lib/rules/block-spacing.js
358 silly gunzTarPerm extractEntry lib/rules/no-useless-rename.js
359 silly gunzTarPerm extractEntry lib/rules/no-undef.js
360 silly gunzTarPerm extractEntry lib/rules/no-multi-str.js
361 silly gunzTarPerm extractEntry lib/rules/consistent-return.js
362 silly gunzTarPerm extractEntry lib/rules/curly.js
363 silly gunzTarPerm extractEntry lib/rules/sort-keys.js
364 silly gunzTarPerm extractEntry lib/rules/newline-per-chained-call.js
365 silly gunzTarPerm extractEntry lib/rules/no-useless-return.js
366 silly gunzTarPerm extractEntry lib/rules/keyword-spacing.js
367 silly gunzTarPerm extractEntry lib/rules/operator-assignment.js
368 silly gunzTarPerm extractEntry lib/rules/no-compare-neg-zero.js
369 silly gunzTarPerm extractEntry lib/rules/space-before-blocks.js
370 silly gunzTarPerm extractEntry lib/rules/no-redeclare.js
371 silly gunzTarPerm extractEntry lib/rules/no-confusing-arrow.js
372 silly gunzTarPerm extractEntry lib/rules/no-unsafe-finally.js
373 silly gunzTarPerm extractEntry lib/rules/dot-location.js
374 silly gunzTarPerm extractEntry lib/rules/line-comment-position.js
375 silly gunzTarPerm extractEntry lib/rules/no-new.js
376 silly gunzTarPerm extractEntry lib/rules/array-bracket-newline.js
377 silly gunzTarPerm extractEntry lib/rules/arrow-body-style.js
378 silly gunzTarPerm extractEntry lib/rules/max-depth.js
379 silly gunzTarPerm extractEntry lib/rules/no-whitespace-before-property.js
380 silly gunzTarPerm extractEntry lib/rules/no-invalid-this.js
381 silly gunzTarPerm extractEntry lib/rules/valid-jsdoc.js
382 silly gunzTarPerm extractEntry lib/rules/comma-dangle.js
383 silly gunzTarPerm extractEntry lib/rules/no-irregular-whitespace.js
384 silly gunzTarPerm extractEntry lib/rules/indent.js
385 silly gunzTarPerm extractEntry lib/rules/max-len.js
386 silly gunzTarPerm extractEntry lib/rules/no-restricted-imports.js
387 silly gunzTarPerm extractEntry lib/rules/camelcase.js
388 silly gunzTarPerm extractEntry lib/rules/prefer-promise-reject-errors.js
389 silly gunzTarPerm extractEntry lib/rules/quote-props.js
390 silly gunzTarPerm extractEntry lib/rules/no-tabs.js
391 silly gunzTarPerm extractEntry lib/rules/no-magic-numbers.js
392 silly gunzTarPerm extractEntry lib/rules/no-multi-assign.js
393 silly gunzTarPerm extractEntry lib/rules/no-path-concat.js
394 silly gunzTarPerm extractEntry lib/rules/no-useless-constructor.js
395 silly gunzTarPerm extractEntry lib/rules/no-sync.js
396 silly gunzTarPerm extractEntry lib/rules/.eslintrc.yml
397 verbose read json /usr/local/lib/node_modules/eslint/package.json
398 silly lockFile 73063478-sr-local-lib-node-modules-eslint /usr/local/lib/node_modules/eslint
399 info preinstall eslint@4.3.0
400 verbose from cache /usr/local/lib/node_modules/eslint/package.json
401 verbose readDependencies using package.json deps
402 verbose from cache /usr/local/lib/node_modules/eslint/package.json
403 verbose readDependencies using package.json deps
404 verbose cache add [ 'ajv@^5.2.0', null ]
405 silly cache add name=undefined spec="ajv@^5.2.0" args=["ajv@^5.2.0",null]
406 verbose parsed url { pathname: 'ajv@^5.2.0',
406 verbose parsed url   path: 'ajv@^5.2.0',
406 verbose parsed url   href: 'ajv@^5.2.0' }
407 silly cache add name="ajv" spec="^5.2.0" args=["ajv","^5.2.0"]
408 verbose parsed url { pathname: '^5.2.0', path: '^5.2.0', href: '^5.2.0' }
409 verbose addNamed [ 'ajv', '^5.2.0' ]
410 verbose addNamed [ null, null ]
411 silly lockFile 16eb0dcb-ajv-5-2-0 ajv@^5.2.0
412 verbose lock ajv@^5.2.0 /home/rahthap/.npm/16eb0dcb-ajv-5-2-0.lock
413 verbose cache add [ 'babel-code-frame@^6.22.0', null ]
414 silly cache add name=undefined spec="babel-code-frame@^6.22.0" args=["babel-code-frame@^6.22.0",null]
415 verbose parsed url { pathname: 'babel-code-frame@^6.22.0',
415 verbose parsed url   path: 'babel-code-frame@^6.22.0',
415 verbose parsed url   href: 'babel-code-frame@^6.22.0' }
416 silly cache add name="babel-code-frame" spec="^6.22.0" args=["babel-code-frame","^6.22.0"]
417 verbose parsed url { pathname: '^6.22.0', path: '^6.22.0', href: '^6.22.0' }
418 verbose addNamed [ 'babel-code-frame', '^6.22.0' ]
419 verbose addNamed [ null, null ]
420 silly lockFile 953353a2-babel-code-frame-6-22-0 babel-code-frame@^6.22.0
421 verbose lock babel-code-frame@^6.22.0 /home/rahthap/.npm/953353a2-babel-code-frame-6-22-0.lock
422 info addNameTag [ 'ajv', '^5.2.0' ]
423 info addNameTag [ 'babel-code-frame', '^6.22.0' ]
424 verbose url raw ajv
425 verbose url resolving [ 'https://registry.npmjs.org/', './ajv' ]
426 verbose url resolved https://registry.npmjs.org/ajv
427 info trying registry request attempt 1 at 23:18:11
428 http GET https://registry.npmjs.org/ajv
429 verbose url raw babel-code-frame
430 verbose url resolving [ 'https://registry.npmjs.org/', './babel-code-frame' ]
431 verbose url resolved https://registry.npmjs.org/babel-code-frame
432 info trying registry request attempt 1 at 23:18:11
433 http GET https://registry.npmjs.org/babel-code-frame
434 verbose cache add [ 'chalk@^1.1.3', null ]
435 silly cache add name=undefined spec="chalk@^1.1.3" args=["chalk@^1.1.3",null]
436 verbose parsed url { pathname: 'chalk@^1.1.3',
436 verbose parsed url   path: 'chalk@^1.1.3',
436 verbose parsed url   href: 'chalk@^1.1.3' }
437 silly cache add name="chalk" spec="^1.1.3" args=["chalk","^1.1.3"]
438 verbose parsed url { pathname: '^1.1.3', path: '^1.1.3', href: '^1.1.3' }
439 verbose addNamed [ 'chalk', '^1.1.3' ]
440 verbose addNamed [ null, null ]
441 silly lockFile d6387928-chalk-1-1-3 chalk@^1.1.3
442 verbose lock chalk@^1.1.3 /home/rahthap/.npm/d6387928-chalk-1-1-3.lock
443 verbose cache add [ 'concat-stream@^1.6.0', null ]
444 silly cache add name=undefined spec="concat-stream@^1.6.0" args=["concat-stream@^1.6.0",null]
445 verbose parsed url { pathname: 'concat-stream@^1.6.0',
445 verbose parsed url   path: 'concat-stream@^1.6.0',
445 verbose parsed url   href: 'concat-stream@^1.6.0' }
446 silly cache add name="concat-stream" spec="^1.6.0" args=["concat-stream","^1.6.0"]
447 verbose parsed url { pathname: '^1.6.0', path: '^1.6.0', href: '^1.6.0' }
448 verbose addNamed [ 'concat-stream', '^1.6.0' ]
449 verbose addNamed [ null, null ]
450 silly lockFile 1e6fb11f-concat-stream-1-6-0 concat-stream@^1.6.0
451 verbose lock concat-stream@^1.6.0 /home/rahthap/.npm/1e6fb11f-concat-stream-1-6-0.lock
452 verbose cache add [ 'cross-spawn@^5.1.0', null ]
453 silly cache add name=undefined spec="cross-spawn@^5.1.0" args=["cross-spawn@^5.1.0",null]
454 verbose parsed url { pathname: 'cross-spawn@^5.1.0',
454 verbose parsed url   path: 'cross-spawn@^5.1.0',
454 verbose parsed url   href: 'cross-spawn@^5.1.0' }
455 silly cache add name="cross-spawn" spec="^5.1.0" args=["cross-spawn","^5.1.0"]
456 verbose parsed url { pathname: '^5.1.0', path: '^5.1.0', href: '^5.1.0' }
457 verbose addNamed [ 'cross-spawn', '^5.1.0' ]
458 verbose addNamed [ null, null ]
459 silly lockFile 7d057bd9-cross-spawn-5-1-0 cross-spawn@^5.1.0
460 verbose lock cross-spawn@^5.1.0 /home/rahthap/.npm/7d057bd9-cross-spawn-5-1-0.lock
461 verbose cache add [ 'debug@^2.6.8', null ]
462 silly cache add name=undefined spec="debug@^2.6.8" args=["debug@^2.6.8",null]
463 verbose parsed url { pathname: 'debug@^2.6.8',
463 verbose parsed url   path: 'debug@^2.6.8',
463 verbose parsed url   href: 'debug@^2.6.8' }
464 silly cache add name="debug" spec="^2.6.8" args=["debug","^2.6.8"]
465 verbose parsed url { pathname: '^2.6.8', path: '^2.6.8', href: '^2.6.8' }
466 verbose addNamed [ 'debug', '^2.6.8' ]
467 verbose addNamed [ null, null ]
468 silly lockFile 6030e63d-debug-2-6-8 debug@^2.6.8
469 verbose lock debug@^2.6.8 /home/rahthap/.npm/6030e63d-debug-2-6-8.lock
470 verbose cache add [ 'doctrine@^2.0.0', null ]
471 silly cache add name=undefined spec="doctrine@^2.0.0" args=["doctrine@^2.0.0",null]
472 verbose parsed url { pathname: 'doctrine@^2.0.0',
472 verbose parsed url   path: 'doctrine@^2.0.0',
472 verbose parsed url   href: 'doctrine@^2.0.0' }
473 silly cache add name="doctrine" spec="^2.0.0" args=["doctrine","^2.0.0"]
474 verbose parsed url { pathname: '^2.0.0', path: '^2.0.0', href: '^2.0.0' }
475 verbose addNamed [ 'doctrine', '^2.0.0' ]
476 verbose addNamed [ null, null ]
477 silly lockFile c5ff980a-doctrine-2-0-0 doctrine@^2.0.0
478 verbose lock doctrine@^2.0.0 /home/rahthap/.npm/c5ff980a-doctrine-2-0-0.lock
479 verbose cache add [ 'eslint-scope@^3.7.1', null ]
480 silly cache add name=undefined spec="eslint-scope@^3.7.1" args=["eslint-scope@^3.7.1",null]
481 verbose parsed url { pathname: 'eslint-scope@^3.7.1',
481 verbose parsed url   path: 'eslint-scope@^3.7.1',
481 verbose parsed url   href: 'eslint-scope@^3.7.1' }
482 silly cache add name="eslint-scope" spec="^3.7.1" args=["eslint-scope","^3.7.1"]
483 verbose parsed url { pathname: '^3.7.1', path: '^3.7.1', href: '^3.7.1' }
484 verbose addNamed [ 'eslint-scope', '^3.7.1' ]
485 verbose addNamed [ null, null ]
486 silly lockFile 8577faa5-eslint-scope-3-7-1 eslint-scope@^3.7.1
487 verbose lock eslint-scope@^3.7.1 /home/rahthap/.npm/8577faa5-eslint-scope-3-7-1.lock
488 verbose cache add [ 'espree@^3.4.3', null ]
489 silly cache add name=undefined spec="espree@^3.4.3" args=["espree@^3.4.3",null]
490 verbose parsed url { pathname: 'espree@^3.4.3',
490 verbose parsed url   path: 'espree@^3.4.3',
490 verbose parsed url   href: 'espree@^3.4.3' }
491 silly cache add name="espree" spec="^3.4.3" args=["espree","^3.4.3"]
492 verbose parsed url { pathname: '^3.4.3', path: '^3.4.3', href: '^3.4.3' }
493 verbose addNamed [ 'espree', '^3.4.3' ]
494 verbose addNamed [ null, null ]
495 silly lockFile 881a84f0-espree-3-4-3 espree@^3.4.3
496 verbose lock espree@^3.4.3 /home/rahthap/.npm/881a84f0-espree-3-4-3.lock
497 verbose cache add [ 'esquery@^1.0.0', null ]
498 silly cache add name=undefined spec="esquery@^1.0.0" args=["esquery@^1.0.0",null]
499 verbose parsed url { pathname: 'esquery@^1.0.0',
499 verbose parsed url   path: 'esquery@^1.0.0',
499 verbose parsed url   href: 'esquery@^1.0.0' }
500 silly cache add name="esquery" spec="^1.0.0" args=["esquery","^1.0.0"]
501 verbose parsed url { pathname: '^1.0.0', path: '^1.0.0', href: '^1.0.0' }
502 verbose addNamed [ 'esquery', '^1.0.0' ]
503 verbose addNamed [ null, null ]
504 silly lockFile f2edad8f-esquery-1-0-0 esquery@^1.0.0
505 verbose lock esquery@^1.0.0 /home/rahthap/.npm/f2edad8f-esquery-1-0-0.lock
506 verbose cache add [ 'estraverse@^4.2.0', null ]
507 silly cache add name=undefined spec="estraverse@^4.2.0" args=["estraverse@^4.2.0",null]
508 verbose parsed url { pathname: 'estraverse@^4.2.0',
508 verbose parsed url   path: 'estraverse@^4.2.0',
508 verbose parsed url   href: 'estraverse@^4.2.0' }
509 silly cache add name="estraverse" spec="^4.2.0" args=["estraverse","^4.2.0"]
510 verbose parsed url { pathname: '^4.2.0', path: '^4.2.0', href: '^4.2.0' }
511 verbose addNamed [ 'estraverse', '^4.2.0' ]
512 verbose addNamed [ null, null ]
513 silly lockFile 88651899-estraverse-4-2-0 estraverse@^4.2.0
514 verbose lock estraverse@^4.2.0 /home/rahthap/.npm/88651899-estraverse-4-2-0.lock
515 verbose cache add [ 'esutils@^2.0.2', null ]
516 silly cache add name=undefined spec="esutils@^2.0.2" args=["esutils@^2.0.2",null]
517 verbose parsed url { pathname: 'esutils@^2.0.2',
517 verbose parsed url   path: 'esutils@^2.0.2',
517 verbose parsed url   href: 'esutils@^2.0.2' }
518 silly cache add name="esutils" spec="^2.0.2" args=["esutils","^2.0.2"]
519 verbose parsed url { pathname: '^2.0.2', path: '^2.0.2', href: '^2.0.2' }
520 verbose addNamed [ 'esutils', '^2.0.2' ]
521 verbose addNamed [ null, null ]
522 silly lockFile 2d1ca0af-esutils-2-0-2 esutils@^2.0.2
523 verbose lock esutils@^2.0.2 /home/rahthap/.npm/2d1ca0af-esutils-2-0-2.lock
524 verbose cache add [ 'file-entry-cache@^2.0.0', null ]
525 silly cache add name=undefined spec="file-entry-cache@^2.0.0" args=["file-entry-cache@^2.0.0",null]
526 verbose parsed url { pathname: 'file-entry-cache@^2.0.0',
526 verbose parsed url   path: 'file-entry-cache@^2.0.0',
526 verbose parsed url   href: 'file-entry-cache@^2.0.0' }
527 silly cache add name="file-entry-cache" spec="^2.0.0" args=["file-entry-cache","^2.0.0"]
528 verbose parsed url { pathname: '^2.0.0', path: '^2.0.0', href: '^2.0.0' }
529 verbose addNamed [ 'file-entry-cache', '^2.0.0' ]
530 verbose addNamed [ null, null ]
531 silly lockFile 2ed8479a-file-entry-cache-2-0-0 file-entry-cache@^2.0.0
532 verbose lock file-entry-cache@^2.0.0 /home/rahthap/.npm/2ed8479a-file-entry-cache-2-0-0.lock
533 verbose cache add [ 'functional-red-black-tree@^1.0.1', null ]
534 silly cache add name=undefined spec="functional-red-black-tree@^1.0.1" args=["functional-red-black-tree@^1.0.1",null]
535 verbose parsed url { pathname: 'functional-red-black-tree@^1.0.1',
535 verbose parsed url   path: 'functional-red-black-tree@^1.0.1',
535 verbose parsed url   href: 'functional-red-black-tree@^1.0.1' }
536 silly cache add name="functional-red-black-tree" spec="^1.0.1" args=["functional-red-black-tree","^1.0.1"]
537 verbose parsed url { pathname: '^1.0.1', path: '^1.0.1', href: '^1.0.1' }
538 verbose addNamed [ 'functional-red-black-tree', '^1.0.1' ]
539 verbose addNamed [ null, null ]
540 silly lockFile 7b117eda-functional-red-black-tree-1-0-1 functional-red-black-tree@^1.0.1
541 verbose lock functional-red-black-tree@^1.0.1 /home/rahthap/.npm/7b117eda-functional-red-black-tree-1-0-1.lock
542 verbose cache add [ 'glob@^7.1.2', null ]
543 silly cache add name=undefined spec="glob@^7.1.2" args=["glob@^7.1.2",null]
544 verbose parsed url { pathname: 'glob@^7.1.2',
544 verbose parsed url   path: 'glob@^7.1.2',
544 verbose parsed url   href: 'glob@^7.1.2' }
545 silly cache add name="glob" spec="^7.1.2" args=["glob","^7.1.2"]
546 verbose parsed url { pathname: '^7.1.2', path: '^7.1.2', href: '^7.1.2' }
547 verbose addNamed [ 'glob', '^7.1.2' ]
548 verbose addNamed [ null, null ]
549 silly lockFile 3294cc5b-glob-7-1-2 glob@^7.1.2
550 verbose lock glob@^7.1.2 /home/rahthap/.npm/3294cc5b-glob-7-1-2.lock
551 verbose cache add [ 'globals@^9.17.0', null ]
552 silly cache add name=undefined spec="globals@^9.17.0" args=["globals@^9.17.0",null]
553 verbose parsed url { pathname: 'globals@^9.17.0',
553 verbose parsed url   path: 'globals@^9.17.0',
553 verbose parsed url   href: 'globals@^9.17.0' }
554 silly cache add name="globals" spec="^9.17.0" args=["globals","^9.17.0"]
555 verbose parsed url { pathname: '^9.17.0', path: '^9.17.0', href: '^9.17.0' }
556 verbose addNamed [ 'globals', '^9.17.0' ]
557 verbose addNamed [ null, null ]
558 silly lockFile f78dd162-globals-9-17-0 globals@^9.17.0
559 verbose lock globals@^9.17.0 /home/rahthap/.npm/f78dd162-globals-9-17-0.lock
560 info addNameTag [ 'chalk', '^1.1.3' ]
561 info addNameTag [ 'concat-stream', '^1.6.0' ]
562 info addNameTag [ 'cross-spawn', '^5.1.0' ]
563 info addNameTag [ 'debug', '^2.6.8' ]
564 info addNameTag [ 'doctrine', '^2.0.0' ]
565 info addNameTag [ 'eslint-scope', '^3.7.1' ]
566 info addNameTag [ 'espree', '^3.4.3' ]
567 info addNameTag [ 'esquery', '^1.0.0' ]
568 info addNameTag [ 'estraverse', '^4.2.0' ]
569 info addNameTag [ 'esutils', '^2.0.2' ]
570 info addNameTag [ 'file-entry-cache', '^2.0.0' ]
571 info addNameTag [ 'functional-red-black-tree', '^1.0.1' ]
572 info addNameTag [ 'glob', '^7.1.2' ]
573 info addNameTag [ 'globals', '^9.17.0' ]
574 verbose url raw concat-stream
575 verbose url resolving [ 'https://registry.npmjs.org/', './concat-stream' ]
576 verbose url resolved https://registry.npmjs.org/concat-stream
577 info trying registry request attempt 1 at 23:18:11
578 http GET https://registry.npmjs.org/concat-stream
579 verbose url raw cross-spawn
580 verbose url resolving [ 'https://registry.npmjs.org/', './cross-spawn' ]
581 verbose url resolved https://registry.npmjs.org/cross-spawn
582 info trying registry request attempt 1 at 23:18:11
583 http GET https://registry.npmjs.org/cross-spawn
584 verbose url raw debug
585 verbose url resolving [ 'https://registry.npmjs.org/', './debug' ]
586 verbose url resolved https://registry.npmjs.org/debug
587 info trying registry request attempt 1 at 23:18:11
588 http GET https://registry.npmjs.org/debug
589 verbose url raw doctrine
590 verbose url resolving [ 'https://registry.npmjs.org/', './doctrine' ]
591 verbose url resolved https://registry.npmjs.org/doctrine
592 info trying registry request attempt 1 at 23:18:11
593 http GET https://registry.npmjs.org/doctrine
594 verbose url raw eslint-scope
595 verbose url resolving [ 'https://registry.npmjs.org/', './eslint-scope' ]
596 verbose url resolved https://registry.npmjs.org/eslint-scope
597 info trying registry request attempt 1 at 23:18:11
598 http GET https://registry.npmjs.org/eslint-scope
599 verbose url raw espree
600 verbose url resolving [ 'https://registry.npmjs.org/', './espree' ]
601 verbose url resolved https://registry.npmjs.org/espree
602 info trying registry request attempt 1 at 23:18:11
603 http GET https://registry.npmjs.org/espree
604 verbose url raw esquery
605 verbose url resolving [ 'https://registry.npmjs.org/', './esquery' ]
606 verbose url resolved https://registry.npmjs.org/esquery
607 info trying registry request attempt 1 at 23:18:11
608 http GET https://registry.npmjs.org/esquery
609 verbose url raw estraverse
610 verbose url resolving [ 'https://registry.npmjs.org/', './estraverse' ]
611 verbose url resolved https://registry.npmjs.org/estraverse
612 info trying registry request attempt 1 at 23:18:11
613 http GET https://registry.npmjs.org/estraverse
614 verbose url raw esutils
615 verbose url resolving [ 'https://registry.npmjs.org/', './esutils' ]
616 verbose url resolved https://registry.npmjs.org/esutils
617 info trying registry request attempt 1 at 23:18:11
618 http GET https://registry.npmjs.org/esutils
619 verbose url raw file-entry-cache
620 verbose url resolving [ 'https://registry.npmjs.org/', './file-entry-cache' ]
621 verbose url resolved https://registry.npmjs.org/file-entry-cache
622 info trying registry request attempt 1 at 23:18:11
623 http GET https://registry.npmjs.org/file-entry-cache
624 verbose url raw functional-red-black-tree
625 verbose url resolving [ 'https://registry.npmjs.org/', './functional-red-black-tree' ]
626 verbose url resolved https://registry.npmjs.org/functional-red-black-tree
627 info trying registry request attempt 1 at 23:18:11
628 http GET https://registry.npmjs.org/functional-red-black-tree
629 verbose url raw glob
630 verbose url resolving [ 'https://registry.npmjs.org/', './glob' ]
631 verbose url resolved https://registry.npmjs.org/glob
632 info trying registry request attempt 1 at 23:18:11
633 http GET https://registry.npmjs.org/glob
634 verbose url raw globals
635 verbose url resolving [ 'https://registry.npmjs.org/', './globals' ]
636 verbose url resolved https://registry.npmjs.org/globals
637 info trying registry request attempt 1 at 23:18:11
638 http GET https://registry.npmjs.org/globals
639 verbose cache add [ 'ignore@^3.3.3', null ]
640 silly cache add name=undefined spec="ignore@^3.3.3" args=["ignore@^3.3.3",null]
641 verbose parsed url { pathname: 'ignore@^3.3.3',
641 verbose parsed url   path: 'ignore@^3.3.3',
641 verbose parsed url   href: 'ignore@^3.3.3' }
642 silly cache add name="ignore" spec="^3.3.3" args=["ignore","^3.3.3"]
643 verbose parsed url { pathname: '^3.3.3', path: '^3.3.3', href: '^3.3.3' }
644 verbose addNamed [ 'ignore', '^3.3.3' ]
645 verbose addNamed [ null, null ]
646 silly lockFile d69896f6-ignore-3-3-3 ignore@^3.3.3
647 verbose lock ignore@^3.3.3 /home/rahthap/.npm/d69896f6-ignore-3-3-3.lock
648 verbose cache add [ 'imurmurhash@^0.1.4', null ]
649 silly cache add name=undefined spec="imurmurhash@^0.1.4" args=["imurmurhash@^0.1.4",null]
650 verbose parsed url { pathname: 'imurmurhash@^0.1.4',
650 verbose parsed url   path: 'imurmurhash@^0.1.4',
650 verbose parsed url   href: 'imurmurhash@^0.1.4' }
651 silly cache add name="imurmurhash" spec="^0.1.4" args=["imurmurhash","^0.1.4"]
652 verbose parsed url { pathname: '^0.1.4', path: '^0.1.4', href: '^0.1.4' }
653 verbose addNamed [ 'imurmurhash', '^0.1.4' ]
654 verbose addNamed [ null, null ]
655 silly lockFile 9904924b-imurmurhash-0-1-4 imurmurhash@^0.1.4
656 verbose lock imurmurhash@^0.1.4 /home/rahthap/.npm/9904924b-imurmurhash-0-1-4.lock
657 verbose cache add [ 'inquirer@^3.0.6', null ]
658 silly cache add name=undefined spec="inquirer@^3.0.6" args=["inquirer@^3.0.6",null]
659 verbose parsed url { pathname: 'inquirer@^3.0.6',
659 verbose parsed url   path: 'inquirer@^3.0.6',
659 verbose parsed url   href: 'inquirer@^3.0.6' }
660 silly cache add name="inquirer" spec="^3.0.6" args=["inquirer","^3.0.6"]
661 verbose parsed url { pathname: '^3.0.6', path: '^3.0.6', href: '^3.0.6' }
662 verbose addNamed [ 'inquirer', '^3.0.6' ]
663 verbose addNamed [ null, null ]
664 silly lockFile bd3f1f6f-inquirer-3-0-6 inquirer@^3.0.6
665 verbose lock inquirer@^3.0.6 /home/rahthap/.npm/bd3f1f6f-inquirer-3-0-6.lock
666 verbose cache add [ 'is-resolvable@^1.0.0', null ]
667 silly cache add name=undefined spec="is-resolvable@^1.0.0" args=["is-resolvable@^1.0.0",null]
668 verbose parsed url { pathname: 'is-resolvable@^1.0.0',
668 verbose parsed url   path: 'is-resolvable@^1.0.0',
668 verbose parsed url   href: 'is-resolvable@^1.0.0' }
669 silly cache add name="is-resolvable" spec="^1.0.0" args=["is-resolvable","^1.0.0"]
670 verbose parsed url { pathname: '^1.0.0', path: '^1.0.0', href: '^1.0.0' }
671 verbose addNamed [ 'is-resolvable', '^1.0.0' ]
672 verbose addNamed [ null, null ]
673 silly lockFile f1d99501-is-resolvable-1-0-0 is-resolvable@^1.0.0
674 verbose lock is-resolvable@^1.0.0 /home/rahthap/.npm/f1d99501-is-resolvable-1-0-0.lock
675 verbose cache add [ 'js-yaml@^3.8.4', null ]
676 silly cache add name=undefined spec="js-yaml@^3.8.4" args=["js-yaml@^3.8.4",null]
677 verbose parsed url { pathname: 'js-yaml@^3.8.4',
677 verbose parsed url   path: 'js-yaml@^3.8.4',
677 verbose parsed url   href: 'js-yaml@^3.8.4' }
678 silly cache add name="js-yaml" spec="^3.8.4" args=["js-yaml","^3.8.4"]
679 verbose parsed url { pathname: '^3.8.4', path: '^3.8.4', href: '^3.8.4' }
680 verbose addNamed [ 'js-yaml', '^3.8.4' ]
681 verbose addNamed [ null, null ]
682 silly lockFile caf09087-js-yaml-3-8-4 js-yaml@^3.8.4
683 verbose lock js-yaml@^3.8.4 /home/rahthap/.npm/caf09087-js-yaml-3-8-4.lock
684 verbose cache add [ 'json-stable-stringify@^1.0.1', null ]
685 silly cache add name=undefined spec="json-stable-stringify@^1.0.1" args=["json-stable-stringify@^1.0.1",null]
686 verbose parsed url { pathname: 'json-stable-stringify@^1.0.1',
686 verbose parsed url   path: 'json-stable-stringify@^1.0.1',
686 verbose parsed url   href: 'json-stable-stringify@^1.0.1' }
687 silly cache add name="json-stable-stringify" spec="^1.0.1" args=["json-stable-stringify","^1.0.1"]
688 verbose parsed url { pathname: '^1.0.1', path: '^1.0.1', href: '^1.0.1' }
689 verbose addNamed [ 'json-stable-stringify', '^1.0.1' ]
690 verbose addNamed [ null, null ]
691 silly lockFile 2696fb04-json-stable-stringify-1-0-1 json-stable-stringify@^1.0.1
692 verbose lock json-stable-stringify@^1.0.1 /home/rahthap/.npm/2696fb04-json-stable-stringify-1-0-1.lock
693 verbose cache add [ 'levn@^0.3.0', null ]
694 silly cache add name=undefined spec="levn@^0.3.0" args=["levn@^0.3.0",null]
695 verbose parsed url { pathname: 'levn@^0.3.0',
695 verbose parsed url   path: 'levn@^0.3.0',
695 verbose parsed url   href: 'levn@^0.3.0' }
696 silly cache add name="levn" spec="^0.3.0" args=["levn","^0.3.0"]
697 verbose parsed url { pathname: '^0.3.0', path: '^0.3.0', href: '^0.3.0' }
698 verbose addNamed [ 'levn', '^0.3.0' ]
699 verbose addNamed [ null, null ]
700 silly lockFile ad790dc9-levn-0-3-0 levn@^0.3.0
701 verbose lock levn@^0.3.0 /home/rahthap/.npm/ad790dc9-levn-0-3-0.lock
702 verbose cache add [ 'lodash@^4.17.4', null ]
703 silly cache add name=undefined spec="lodash@^4.17.4" args=["lodash@^4.17.4",null]
704 verbose parsed url { pathname: 'lodash@^4.17.4',
704 verbose parsed url   path: 'lodash@^4.17.4',
704 verbose parsed url   href: 'lodash@^4.17.4' }
705 silly cache add name="lodash" spec="^4.17.4" args=["lodash","^4.17.4"]
706 verbose parsed url { pathname: '^4.17.4', path: '^4.17.4', href: '^4.17.4' }
707 verbose addNamed [ 'lodash', '^4.17.4' ]
708 verbose addNamed [ null, null ]
709 silly lockFile f25314eb-lodash-4-17-4 lodash@^4.17.4
710 verbose lock lodash@^4.17.4 /home/rahthap/.npm/f25314eb-lodash-4-17-4.lock
711 verbose cache add [ 'minimatch@^3.0.2', null ]
712 silly cache add name=undefined spec="minimatch@^3.0.2" args=["minimatch@^3.0.2",null]
713 verbose parsed url { pathname: 'minimatch@^3.0.2',
713 verbose parsed url   path: 'minimatch@^3.0.2',
713 verbose parsed url   href: 'minimatch@^3.0.2' }
714 silly cache add name="minimatch" spec="^3.0.2" args=["minimatch","^3.0.2"]
715 verbose parsed url { pathname: '^3.0.2', path: '^3.0.2', href: '^3.0.2' }
716 verbose addNamed [ 'minimatch', '^3.0.2' ]
717 verbose addNamed [ null, null ]
718 silly lockFile 434d33fc-minimatch-3-0-2 minimatch@^3.0.2
719 verbose lock minimatch@^3.0.2 /home/rahthap/.npm/434d33fc-minimatch-3-0-2.lock
720 verbose cache add [ 'mkdirp@^0.5.1', null ]
721 silly cache add name=undefined spec="mkdirp@^0.5.1" args=["mkdirp@^0.5.1",null]
722 verbose parsed url { pathname: 'mkdirp@^0.5.1',
722 verbose parsed url   path: 'mkdirp@^0.5.1',
722 verbose parsed url   href: 'mkdirp@^0.5.1' }
723 silly cache add name="mkdirp" spec="^0.5.1" args=["mkdirp","^0.5.1"]
724 verbose parsed url { pathname: '^0.5.1', path: '^0.5.1', href: '^0.5.1' }
725 verbose addNamed [ 'mkdirp', '^0.5.1' ]
726 verbose addNamed [ null, null ]
727 silly lockFile 4515eb10-mkdirp-0-5-1 mkdirp@^0.5.1
728 verbose lock mkdirp@^0.5.1 /home/rahthap/.npm/4515eb10-mkdirp-0-5-1.lock
729 verbose cache add [ 'natural-compare@^1.4.0', null ]
730 silly cache add name=undefined spec="natural-compare@^1.4.0" args=["natural-compare@^1.4.0",null]
731 verbose parsed url { pathname: 'natural-compare@^1.4.0',
731 verbose parsed url   path: 'natural-compare@^1.4.0',
731 verbose parsed url   href: 'natural-compare@^1.4.0' }
732 silly cache add name="natural-compare" spec="^1.4.0" args=["natural-compare","^1.4.0"]
733 verbose parsed url { pathname: '^1.4.0', path: '^1.4.0', href: '^1.4.0' }
734 verbose addNamed [ 'natural-compare', '^1.4.0' ]
735 verbose addNamed [ null, null ]
736 silly lockFile ddc6c7aa-natural-compare-1-4-0 natural-compare@^1.4.0
737 verbose lock natural-compare@^1.4.0 /home/rahthap/.npm/ddc6c7aa-natural-compare-1-4-0.lock
738 verbose cache add [ 'optionator@^0.8.2', null ]
739 silly cache add name=undefined spec="optionator@^0.8.2" args=["optionator@^0.8.2",null]
740 verbose parsed url { pathname: 'optionator@^0.8.2',
740 verbose parsed url   path: 'optionator@^0.8.2',
740 verbose parsed url   href: 'optionator@^0.8.2' }
741 silly cache add name="optionator" spec="^0.8.2" args=["optionator","^0.8.2"]
742 verbose parsed url { pathname: '^0.8.2', path: '^0.8.2', href: '^0.8.2' }
743 verbose addNamed [ 'optionator', '^0.8.2' ]
744 verbose addNamed [ null, null ]
745 silly lockFile 38b747cb-optionator-0-8-2 optionator@^0.8.2
746 verbose lock optionator@^0.8.2 /home/rahthap/.npm/38b747cb-optionator-0-8-2.lock
747 verbose cache add [ 'path-is-inside@^1.0.2', null ]
748 silly cache add name=undefined spec="path-is-inside@^1.0.2" args=["path-is-inside@^1.0.2",null]
749 verbose parsed url { pathname: 'path-is-inside@^1.0.2',
749 verbose parsed url   path: 'path-is-inside@^1.0.2',
749 verbose parsed url   href: 'path-is-inside@^1.0.2' }
750 silly cache add name="path-is-inside" spec="^1.0.2" args=["path-is-inside","^1.0.2"]
751 verbose parsed url { pathname: '^1.0.2', path: '^1.0.2', href: '^1.0.2' }
752 verbose addNamed [ 'path-is-inside', '^1.0.2' ]
753 verbose addNamed [ null, null ]
754 silly lockFile 9e41ac43-path-is-inside-1-0-2 path-is-inside@^1.0.2
755 verbose lock path-is-inside@^1.0.2 /home/rahthap/.npm/9e41ac43-path-is-inside-1-0-2.lock
756 verbose cache add [ 'pluralize@^4.0.0', null ]
757 silly cache add name=undefined spec="pluralize@^4.0.0" args=["pluralize@^4.0.0",null]
758 verbose parsed url { pathname: 'pluralize@^4.0.0',
758 verbose parsed url   path: 'pluralize@^4.0.0',
758 verbose parsed url   href: 'pluralize@^4.0.0' }
759 silly cache add name="pluralize" spec="^4.0.0" args=["pluralize","^4.0.0"]
760 verbose parsed url { pathname: '^4.0.0', path: '^4.0.0', href: '^4.0.0' }
761 verbose addNamed [ 'pluralize', '^4.0.0' ]
762 verbose addNamed [ null, null ]
763 silly lockFile f7cd0ecb-pluralize-4-0-0 pluralize@^4.0.0
764 verbose lock pluralize@^4.0.0 /home/rahthap/.npm/f7cd0ecb-pluralize-4-0-0.lock
765 verbose cache add [ 'progress@^2.0.0', null ]
766 silly cache add name=undefined spec="progress@^2.0.0" args=["progress@^2.0.0",null]
767 verbose parsed url { pathname: 'progress@^2.0.0',
767 verbose parsed url   path: 'progress@^2.0.0',
767 verbose parsed url   href: 'progress@^2.0.0' }
768 silly cache add name="progress" spec="^2.0.0" args=["progress","^2.0.0"]
769 verbose parsed url { pathname: '^2.0.0', path: '^2.0.0', href: '^2.0.0' }
770 verbose addNamed [ 'progress', '^2.0.0' ]
771 verbose addNamed [ null, null ]
772 silly lockFile 4cf37ce4-progress-2-0-0 progress@^2.0.0
773 verbose lock progress@^2.0.0 /home/rahthap/.npm/4cf37ce4-progress-2-0-0.lock
774 verbose cache add [ 'require-uncached@^1.0.3', null ]
775 silly cache add name=undefined spec="require-uncached@^1.0.3" args=["require-uncached@^1.0.3",null]
776 verbose parsed url { pathname: 'require-uncached@^1.0.3',
776 verbose parsed url   path: 'require-uncached@^1.0.3',
776 verbose parsed url   href: 'require-uncached@^1.0.3' }
777 silly cache add name="require-uncached" spec="^1.0.3" args=["require-uncached","^1.0.3"]
778 verbose parsed url { pathname: '^1.0.3', path: '^1.0.3', href: '^1.0.3' }
779 verbose addNamed [ 'require-uncached', '^1.0.3' ]
780 verbose addNamed [ null, null ]
781 silly lockFile de510982-require-uncached-1-0-3 require-uncached@^1.0.3
782 verbose lock require-uncached@^1.0.3 /home/rahthap/.npm/de510982-require-uncached-1-0-3.lock
783 verbose cache add [ 'semver@^5.3.0', null ]
784 silly cache add name=undefined spec="semver@^5.3.0" args=["semver@^5.3.0",null]
785 verbose parsed url { pathname: 'semver@^5.3.0',
785 verbose parsed url   path: 'semver@^5.3.0',
785 verbose parsed url   href: 'semver@^5.3.0' }
786 silly cache add name="semver" spec="^5.3.0" args=["semver","^5.3.0"]
787 verbose parsed url { pathname: '^5.3.0', path: '^5.3.0', href: '^5.3.0' }
788 verbose addNamed [ 'semver', '^5.3.0' ]
789 verbose addNamed [ null, null ]
790 silly lockFile bebcb816-semver-5-3-0 semver@^5.3.0
791 verbose lock semver@^5.3.0 /home/rahthap/.npm/bebcb816-semver-5-3-0.lock
792 verbose cache add [ 'strip-json-comments@~2.0.1', null ]
793 silly cache add name=undefined spec="strip-json-comments@~2.0.1" args=["strip-json-comments@~2.0.1",null]
794 verbose parsed url { pathname: 'strip-json-comments@~2.0.1',
794 verbose parsed url   path: 'strip-json-comments@~2.0.1',
794 verbose parsed url   href: 'strip-json-comments@~2.0.1' }
795 silly cache add name="strip-json-comments" spec="~2.0.1" args=["strip-json-comments","~2.0.1"]
796 verbose parsed url { pathname: '~2.0.1', path: '~2.0.1', href: '~2.0.1' }
797 verbose addNamed [ 'strip-json-comments', '~2.0.1' ]
798 verbose addNamed [ null, '>=2.0.1- <2.1.0-' ]
799 silly lockFile 5a42fa6e-strip-json-comments-2-0-1 strip-json-comments@~2.0.1
800 verbose lock strip-json-comments@~2.0.1 /home/rahthap/.npm/5a42fa6e-strip-json-comments-2-0-1.lock
801 verbose cache add [ 'table@^4.0.1', null ]
802 silly cache add name=undefined spec="table@^4.0.1" args=["table@^4.0.1",null]
803 verbose parsed url { pathname: 'table@^4.0.1',
803 verbose parsed url   path: 'table@^4.0.1',
803 verbose parsed url   href: 'table@^4.0.1' }
804 silly cache add name="table" spec="^4.0.1" args=["table","^4.0.1"]
805 verbose parsed url { pathname: '^4.0.1', path: '^4.0.1', href: '^4.0.1' }
806 verbose addNamed [ 'table', '^4.0.1' ]
807 verbose addNamed [ null, null ]
808 silly lockFile 43a7cef6-table-4-0-1 table@^4.0.1
809 verbose lock table@^4.0.1 /home/rahthap/.npm/43a7cef6-table-4-0-1.lock
810 verbose cache add [ 'text-table@~0.2.0', null ]
811 silly cache add name=undefined spec="text-table@~0.2.0" args=["text-table@~0.2.0",null]
812 verbose parsed url { pathname: 'text-table@~0.2.0',
812 verbose parsed url   path: 'text-table@~0.2.0',
812 verbose parsed url   href: 'text-table@~0.2.0' }
813 silly cache add name="text-table" spec="~0.2.0" args=["text-table","~0.2.0"]
814 verbose parsed url { pathname: '~0.2.0', path: '~0.2.0', href: '~0.2.0' }
815 verbose addNamed [ 'text-table', '~0.2.0' ]
816 verbose addNamed [ null, '>=0.2.0- <0.3.0-' ]
817 silly lockFile 4d621c99-text-table-0-2-0 text-table@~0.2.0
818 verbose lock text-table@~0.2.0 /home/rahthap/.npm/4d621c99-text-table-0-2-0.lock
819 info addNameTag [ 'ignore', '^3.3.3' ]
820 info addNameTag [ 'imurmurhash', '^0.1.4' ]
821 info addNameTag [ 'inquirer', '^3.0.6' ]
822 info addNameTag [ 'is-resolvable', '^1.0.0' ]
823 info addNameTag [ 'js-yaml', '^3.8.4' ]
824 info addNameTag [ 'json-stable-stringify', '^1.0.1' ]
825 info addNameTag [ 'levn', '^0.3.0' ]
826 info addNameTag [ 'lodash', '^4.17.4' ]
827 info addNameTag [ 'minimatch', '^3.0.2' ]
828 info addNameTag [ 'mkdirp', '^0.5.1' ]
829 info addNameTag [ 'natural-compare', '^1.4.0' ]
830 info addNameTag [ 'optionator', '^0.8.2' ]
831 info addNameTag [ 'path-is-inside', '^1.0.2' ]
832 info addNameTag [ 'pluralize', '^4.0.0' ]
833 info addNameTag [ 'progress', '^2.0.0' ]
834 info addNameTag [ 'require-uncached', '^1.0.3' ]
835 info addNameTag [ 'semver', '^5.3.0' ]
836 silly addNameRange { name: 'strip-json-comments',
836 silly addNameRange   range: '>=2.0.1- <2.1.0-',
836 silly addNameRange   hasData: false }
837 info addNameTag [ 'table', '^4.0.1' ]
838 silly addNameRange { name: 'text-table', range: '>=0.2.0- <0.3.0-', hasData: false }
839 verbose url raw ignore
840 verbose url resolving [ 'https://registry.npmjs.org/', './ignore' ]
841 verbose url resolved https://registry.npmjs.org/ignore
842 info trying registry request attempt 1 at 23:18:11
843 http GET https://registry.npmjs.org/ignore
844 verbose url raw imurmurhash
845 verbose url resolving [ 'https://registry.npmjs.org/', './imurmurhash' ]
846 verbose url resolved https://registry.npmjs.org/imurmurhash
847 info trying registry request attempt 1 at 23:18:11
848 http GET https://registry.npmjs.org/imurmurhash
849 verbose url raw is-resolvable
850 verbose url resolving [ 'https://registry.npmjs.org/', './is-resolvable' ]
851 verbose url resolved https://registry.npmjs.org/is-resolvable
852 info trying registry request attempt 1 at 23:18:11
853 http GET https://registry.npmjs.org/is-resolvable
854 verbose url raw js-yaml
855 verbose url resolving [ 'https://registry.npmjs.org/', './js-yaml' ]
856 verbose url resolved https://registry.npmjs.org/js-yaml
857 info trying registry request attempt 1 at 23:18:11
858 http GET https://registry.npmjs.org/js-yaml
859 verbose url raw json-stable-stringify
860 verbose url resolving [ 'https://registry.npmjs.org/', './json-stable-stringify' ]
861 verbose url resolved https://registry.npmjs.org/json-stable-stringify
862 info trying registry request attempt 1 at 23:18:11
863 http GET https://registry.npmjs.org/json-stable-stringify
864 verbose url raw levn
865 verbose url resolving [ 'https://registry.npmjs.org/', './levn' ]
866 verbose url resolved https://registry.npmjs.org/levn
867 info trying registry request attempt 1 at 23:18:11
868 http GET https://registry.npmjs.org/levn
869 verbose url raw lodash
870 verbose url resolving [ 'https://registry.npmjs.org/', './lodash' ]
871 verbose url resolved https://registry.npmjs.org/lodash
872 info trying registry request attempt 1 at 23:18:11
873 http GET https://registry.npmjs.org/lodash
874 verbose url raw minimatch
875 verbose url resolving [ 'https://registry.npmjs.org/', './minimatch' ]
876 verbose url resolved https://registry.npmjs.org/minimatch
877 info trying registry request attempt 1 at 23:18:11
878 http GET https://registry.npmjs.org/minimatch
879 verbose url raw mkdirp
880 verbose url resolving [ 'https://registry.npmjs.org/', './mkdirp' ]
881 verbose url resolved https://registry.npmjs.org/mkdirp
882 info trying registry request attempt 1 at 23:18:11
883 http GET https://registry.npmjs.org/mkdirp
884 verbose url raw natural-compare
885 verbose url resolving [ 'https://registry.npmjs.org/', './natural-compare' ]
886 verbose url resolved https://registry.npmjs.org/natural-compare
887 info trying registry request attempt 1 at 23:18:11
888 http GET https://registry.npmjs.org/natural-compare
889 verbose url raw optionator
890 verbose url resolving [ 'https://registry.npmjs.org/', './optionator' ]
891 verbose url resolved https://registry.npmjs.org/optionator
892 info trying registry request attempt 1 at 23:18:11
893 http GET https://registry.npmjs.org/optionator
894 verbose url raw path-is-inside
895 verbose url resolving [ 'https://registry.npmjs.org/', './path-is-inside' ]
896 verbose url resolved https://registry.npmjs.org/path-is-inside
897 info trying registry request attempt 1 at 23:18:11
898 http GET https://registry.npmjs.org/path-is-inside
899 verbose url raw pluralize
900 verbose url resolving [ 'https://registry.npmjs.org/', './pluralize' ]
901 verbose url resolved https://registry.npmjs.org/pluralize
902 info trying registry request attempt 1 at 23:18:11
903 http GET https://registry.npmjs.org/pluralize
904 verbose url raw progress
905 verbose url resolving [ 'https://registry.npmjs.org/', './progress' ]
906 verbose url resolved https://registry.npmjs.org/progress
907 info trying registry request attempt 1 at 23:18:11
908 http GET https://registry.npmjs.org/progress
909 verbose url raw require-uncached
910 verbose url resolving [ 'https://registry.npmjs.org/', './require-uncached' ]
911 verbose url resolved https://registry.npmjs.org/require-uncached
912 info trying registry request attempt 1 at 23:18:11
913 http GET https://registry.npmjs.org/require-uncached
914 verbose url raw semver
915 verbose url resolving [ 'https://registry.npmjs.org/', './semver' ]
916 verbose url resolved https://registry.npmjs.org/semver
917 info trying registry request attempt 1 at 23:18:11
918 http GET https://registry.npmjs.org/semver
919 verbose url raw strip-json-comments
920 verbose url resolving [ 'https://registry.npmjs.org/', './strip-json-comments' ]
921 verbose url resolved https://registry.npmjs.org/strip-json-comments
922 info trying registry request attempt 1 at 23:18:11
923 http GET https://registry.npmjs.org/strip-json-comments
924 verbose url raw table
925 verbose url resolving [ 'https://registry.npmjs.org/', './table' ]
926 verbose url resolved https://registry.npmjs.org/table
927 info trying registry request attempt 1 at 23:18:11
928 http GET https://registry.npmjs.org/table
929 verbose url raw text-table
930 verbose url resolving [ 'https://registry.npmjs.org/', './text-table' ]
931 verbose url resolved https://registry.npmjs.org/text-table
932 info trying registry request attempt 1 at 23:18:11
933 http GET https://registry.npmjs.org/text-table
934 verbose url raw chalk
935 verbose url resolving [ 'https://registry.npmjs.org/', './chalk' ]
936 verbose url resolved https://registry.npmjs.org/chalk
937 info trying registry request attempt 1 at 23:18:11
938 verbose etag "58b29c20-85a5"
939 http GET https://registry.npmjs.org/chalk
940 verbose url raw inquirer
941 verbose url resolving [ 'https://registry.npmjs.org/', './inquirer' ]
942 verbose url resolved https://registry.npmjs.org/inquirer
943 info trying registry request attempt 1 at 23:18:11
944 verbose etag "58b723da-1c27c"
945 http GET https://registry.npmjs.org/inquirer
946 http 200 https://registry.npmjs.org/babel-code-frame
947 silly registry.get cb [ 200,
947 silly registry.get   { server: 'nginx/1.10.3',
947 silly registry.get     'content-type': 'application/json',
947 silly registry.get     'last-modified': 'Thu, 03 Aug 2017 22:20:39 GMT',
947 silly registry.get     etag: '"5983a1b7-e604"',
947 silly registry.get     'cache-control': 'max-age=300',
947 silly registry.get     'content-length': '58884',
947 silly registry.get     'accept-ranges': 'bytes',
947 silly registry.get     date: 'Fri, 04 Aug 2017 17:48:15 GMT',
947 silly registry.get     via: '1.1 varnish',
947 silly registry.get     age: '0',
947 silly registry.get     connection: 'keep-alive',
947 silly registry.get     'x-served-by': 'cache-sin18025-SIN',
947 silly registry.get     'x-cache': 'MISS',
947 silly registry.get     'x-cache-hits': '0',
947 silly registry.get     'x-timer': 'S1501868895.465393,VS0,VE144',
947 silly registry.get     vary: 'Accept-Encoding, Accept' } ]
948 silly lockFile 953353a2-babel-code-frame-6-22-0 babel-code-frame@^6.22.0
949 verbose about to build /usr/local/lib/node_modules/eslint
950 info /usr/local/lib/node_modules/eslint unbuild
951 verbose from cache /usr/local/lib/node_modules/eslint/package.json
952 info preuninstall eslint@4.3.0
953 info uninstall eslint@4.3.0
954 verbose true,/usr/local/lib/node_modules,/usr/local/lib/node_modules unbuild eslint@4.3.0
955 verbose /usr/local/bin,[object Object] binRoot
956 info postuninstall eslint@4.3.0
957 error Error: No compatible version found: babel-code-frame@'^6.22.0'
957 error Valid install targets:
957 error ["6.0.0","6.0.2","6.0.12","6.0.14","6.0.15","6.1.4","6.1.5","6.1.6","6.1.7","6.1.8","6.1.9","6.1.10","6.1.11","6.1.12","6.1.13","6.1.14","6.1.15","6.1.16","6.1.17","6.1.18","6.2.4","6.3.13","6.5.0","6.5.0-1","6.6.0","6.6.5","6.7.2","6.7.3","6.7.4","6.7.5","6.7.7","6.8.0","6.11.0","6.16.0","6.20.0","6.22.0","7.0.0-alpha.1","7.0.0-alpha.3","7.0.0-alpha.9","7.0.0-alpha.11","7.0.0-alpha.12","7.0.0-alpha.13","7.0.0-alpha.14","7.0.0-alpha.15","7.0.0-alpha.16","7.0.0-alpha.17","7.0.0-alpha.18"]
957 error     at installTargetsError (/usr/local/lib/node_modules/npm/lib/cache.js:563:10)
957 error     at /usr/local/lib/node_modules/npm/lib/cache.js:478:10
957 error     at saved (/usr/local/lib/node_modules/npm/node_modules/npm-registry-client/lib/get.js:138:7)
957 error     at /usr/local/lib/node_modules/npm/node_modules/graceful-fs/graceful-fs.js:218:7
957 error     at Object.oncomplete (fs.js:297:15)
958 error If you need help, you may report this log at:
958 error     <http://github.com/isaacs/npm/issues>
958 error or email it to:
958 error     <npm-@googlegroups.com>
959 error System Linux 3.13.0-24-generic
960 error command "/usr/local/bin/node" "/usr/local/bin/npm" "install" "-g" "eslint"
961 error cwd /home/rahthap/Documents/Sem7/CSD402:Internet_WebSystems/Assignment0
962 error node -v v0.8.14
963 error npm -v 1.1.65
964 verbose exit [ 1, true ]
